Log file open, 04/13/22 19:22:42
LogWindows: Failed to load 'aqProf.dll' (GetLastError=126)
LogWindows: File 'aqProf.dll' does not exist
LogWindows: Failed to load 'VtuneApi.dll' (GetLastError=126)
LogWindows: File 'VtuneApi.dll' does not exist
LogWindows: Failed to load 'VtuneApi32e.dll' (GetLastError=126)
LogWindows: File 'VtuneApi32e.dll' does not exist
LogConsoleResponse: Display: Failed to find resolution value strings in scalability ini. Falling back to default.
LogConsoleResponse: Display: Failed to find resolution value strings in scalability ini. Falling back to default.
LogInit: Display: Running engine for game: FinalProject
LogPlatformFile: Not using cached read wrapper
LogTaskGraph: Started task graph with 5 named threads and 23 total threads with 3 sets of task threads.
LogStats: Stats thread started at 0.418968
LogICUInternationalization: ICU TimeZone Detection - Raw Offset: -6:00, Platform Override: ''
LogInit: Display: Loading text-based GConfig....
LogPluginManager: Mounting plugin MeshPainting
LogPluginManager: Mounting plugin XGEController
LogPluginManager: Mounting plugin Paper2D
LogPluginManager: Mounting plugin AISupport
LogPluginManager: Mounting plugin EnvironmentQueryEditor
LogPluginManager: Mounting plugin LiveLink
LogPluginManager: Mounting plugin LightPropagationVolume
LogPluginManager: Mounting plugin OodleData
LogPluginManager: Mounting plugin OodleNetwork
LogPluginManager: Mounting plugin AssetManagerEditor
LogPluginManager: Mounting plugin CryptoKeys
LogPluginManager: Mounting plugin CurveEditorTools
LogPluginManager: Mounting plugin DataValidation
LogPluginManager: Mounting plugin FacialAnimation
LogPluginManager: Mounting plugin GameplayTagsEditor
LogPluginManager: Mounting plugin GeometryMode
LogPluginManager: Mounting plugin AnimationSharing
LogPluginManager: Mounting plugin MacGraphicsSwitching
LogPluginManager: Mounting plugin MaterialAnalyzer
LogPluginManager: Mounting plugin MobileLauncherProfileWizard
LogPluginManager: Mounting plugin SpeedTreeImporter
LogPluginManager: Mounting plugin PluginBrowser
LogPluginManager: Mounting plugin CLionSourceCodeAccess
LogPluginManager: Mounting plugin CodeLiteSourceCodeAccess
LogPluginManager: Mounting plugin GitSourceControl
LogPluginManager: Mounting plugin KDevelopSourceCodeAccess
LogPluginManager: Mounting plugin PerforceSourceControl
LogPluginManager: Mounting plugin PixWinPlugin
LogPluginManager: Mounting plugin PlasticSourceControl
LogPluginManager: Mounting plugin NullSourceCodeAccess
LogPluginManager: Mounting plugin PluginUtils
LogPluginManager: Mounting plugin PropertyAccessNode
LogPluginManager: Mounting plugin RiderSourceCodeAccess
LogPluginManager: Mounting plugin SubversionSourceControl
LogPluginManager: Mounting plugin TextureFormatOodle
LogPluginManager: Mounting plugin UObjectPlugin
LogPluginManager: Mounting plugin VisualStudioCodeSourceCodeAccess
LogPluginManager: Mounting plugin VisualStudioSourceCodeAccess
LogPluginManager: Mounting plugin XCodeSourceCodeAccess
LogPluginManager: Mounting plugin DatasmithContent
LogPluginManager: Mounting plugin VariantManagerContent
LogPluginManager: Mounting plugin AlembicImporter
LogPluginManager: Mounting plugin AutomationUtils
LogPluginManager: Mounting plugin BackChannel
LogPluginManager: Mounting plugin ChaosClothEditor
LogPluginManager: Mounting plugin ChaosEditor
LogPluginManager: Mounting plugin ChaosNiagara
LogPluginManager: Mounting plugin ChaosCloth
LogPluginManager: Mounting plugin ChaosSolverPlugin
LogPluginManager: Mounting plugin CharacterAI
LogPluginManager: Mounting plugin GeometryCache
LogPluginManager: Mounting plugin GeometryCollectionPlugin
LogPluginManager: Mounting plugin GeometryProcessing
LogPluginManager: Mounting plugin MotoSynth
LogPluginManager: Mounting plugin OpenImageDenoise
LogPluginManager: Mounting plugin PlatformCrypto
LogPluginManager: Mounting plugin PlanarCut
LogPluginManager: Mounting plugin ProxyLODPlugin
LogPluginManager: Mounting plugin PythonScriptPlugin
LogPluginManager: Mounting plugin MagicLeap
LogPluginManager: Mounting plugin LuminPlatformFeatures
LogPluginManager: Mounting plugin MagicLeapLightEstimation
LogPluginManager: Mounting plugin MagicLeapMedia
LogPluginManager: Mounting plugin MagicLeapPassableWorld
LogPluginManager: Mounting plugin MLSDK
LogPluginManager: Mounting plugin Niagara
LogPluginManager: Mounting plugin SkeletalReduction
LogPluginManager: Mounting plugin AndroidMedia
LogPluginManager: Mounting plugin AvfMedia
LogPluginManager: Mounting plugin ImgMedia
LogPluginManager: Mounting plugin MediaCompositing
LogPluginManager: Mounting plugin MediaPlayerEditor
LogPluginManager: Mounting plugin WebMMedia
LogPluginManager: Mounting plugin WmfMedia
LogPluginManager: Mounting plugin TcpMessaging
LogPluginManager: Mounting plugin UdpMessaging
LogPluginManager: Mounting plugin OnlineSubsystem
LogPluginManager: Mounting plugin OnlineSubsystemNull
LogPluginManager: Mounting plugin OnlineSubsystemUtils
LogPluginManager: Mounting plugin ActorSequence
LogPluginManager: Mounting plugin LevelSequenceEditor
LogPluginManager: Mounting plugin MatineeToLevelSequence
LogPluginManager: Mounting plugin TemplateSequence
LogPluginManager: Mounting plugin LauncherChunkInstaller
LogPluginManager: Mounting plugin ActorLayerUtilities
LogPluginManager: Mounting plugin AndroidDeviceProfileSelector
LogPluginManager: Mounting plugin AndroidMoviePlayer
LogPluginManager: Mounting plugin AndroidPermission
LogPluginManager: Mounting plugin AppleImageUtils
LogPluginManager: Mounting plugin AppleMoviePlayer
LogPluginManager: Mounting plugin ArchVisCharacter
LogPluginManager: Mounting plugin AudioCapture
LogPluginManager: Mounting plugin AssetTags
LogPluginManager: Mounting plugin AudioSynesthesia
LogPluginManager: Mounting plugin CableComponent
LogPluginManager: Mounting plugin ChunkDownloader
LogPluginManager: Mounting plugin CustomMeshComponent
LogPluginManager: Mounting plugin EditableMesh
LogPluginManager: Mounting plugin ExampleDeviceProfileSelector
LogPluginManager: Mounting plugin GoogleCloudMessaging
LogPluginManager: Mounting plugin GooglePAD
LogPluginManager: Mounting plugin IOSDeviceProfileSelector
LogPluginManager: Mounting plugin LinuxDeviceProfileSelector
LogPluginManager: Mounting plugin LocationServicesBPLibrary
LogPluginManager: Mounting plugin MobilePatchingUtils
LogPluginManager: Mounting plugin OpenXREyeTracker
LogPluginManager: Mounting plugin OpenXR
LogPluginManager: Mounting plugin OpenXRHandTracking
LogPluginManager: Mounting plugin PhysXVehicles
LogPluginManager: Mounting plugin PostSplashScreen
LogPluginManager: Mounting plugin ProceduralMeshComponent
LogPluginManager: Mounting plugin PropertyAccessEditor
LogPluginManager: Mounting plugin RuntimePhysXCooking
LogPluginManager: Mounting plugin SignificanceManager
LogPluginManager: Mounting plugin SoundFields
LogPluginManager: Mounting plugin Synthesis
LogPluginManager: Mounting plugin WebMMoviePlayer
LogPluginManager: Mounting plugin WindowsMoviePlayer
LogPluginManager: Mounting plugin Takes
LogPluginManager: Mounting plugin ScreenshotTools
LogPluginManager: Mounting plugin CameraShakePreviewer
LogPluginManager: Mounting plugin GameplayCameras
LogPluginManager: Mounting plugin ContentBrowserClassDataSource
LogPluginManager: Mounting plugin ContentBrowserFileDataSource
LogPluginManager: Mounting plugin ContentBrowserAssetDataSource
LogPluginManager: Mounting plugin OnlineSubsystemGooglePlay
LogPluginManager: Mounting plugin OnlineSubsystemIOS
LogPluginManager: Mounting plugin OculusVR
LogPluginManager: Mounting plugin SteamVR
PixWinPlugin: PIX capture plugin failed to initialize! Check that the process is launched from PIX.
LogInit: Using libcurl 7.55.1-DEV
LogInit:  - built for x86_64-pc-win32
LogInit:  - supports SSL with OpenSSL/1.1.1
LogInit:  - supports HTTP deflate (compression) using libz 1.2.8
LogInit:  - other features:
LogInit:      CURL_VERSION_SSL
LogInit:      CURL_VERSION_LIBZ
LogInit:      CURL_VERSION_IPV6
LogInit:      CURL_VERSION_ASYNCHDNS
LogInit:      CURL_VERSION_LARGEFILE
LogInit:      CURL_VERSION_IDN
LogInit:  CurlRequestOptions (configurable via config and command line):
LogInit:  - bVerifyPeer = true  - Libcurl will verify peer certificate
LogInit:  - bUseHttpProxy = false  - Libcurl will NOT use HTTP proxy
LogInit:  - bDontReuseConnections = false  - Libcurl will reuse connections
LogInit:  - MaxHostConnections = 16  - Libcurl will limit the number of connections to a host
LogInit:  - LocalHostAddr = Default
LogInit:  - BufferSize = 65536
LogOnline: OSS: Creating online subsystem instance for: NULL
LogInit: WinSock: version 1.1 (2.2), MaxSocks=32767, MaxUdp=65467
LogOnline: OSS: TryLoadSubsystemAndSetDefault: Loaded subsystem for module [NULL]
LogOculusPluginWrapper: OculusPlugin initialized successfully
LogHMD: Failed initializing OVRPlugin 1.59.0
LogInit: Build: ++UE4+Release-4.27-CL-18319896
LogInit: Engine Version: 4.27.2-18319896+++UE4+Release-4.27
LogInit: Compatible Engine Version: 4.27.0-17155196+++UE4+Release-4.27
LogInit: Net CL: 17155196
LogInit: OS: Windows 10 (Release 2009) (), CPU: Intel(R) Xeon(R) CPU E5-1620 v3 @ 3.50GHz, GPU: NVIDIA GeForce GTX 1080
LogInit: Compiled (64-bit): Nov 30 2021 07:12:08
LogInit: Compiled with Visual C++: 19.24.28315.00
LogInit: Build Configuration: Development
LogInit: Branch Name: ++UE4+Release-4.27
LogInit: Command Line:  -EpicPortal -epicusername=emilygvp -epicuserid=5124d627ec394303a3f3427e8c5ecf62 -epiclocale=en -epicsandboxid=ue
LogInit: Base Directory: C:/Program Files/Epic Games/UE_4.27/Engine/Binaries/Win64/
LogInit: Allocator: TBB
LogInit: Installed Engine Build: 1
LogDevObjectVersion: Number of dev versions registered: 29
LogDevObjectVersion:   Dev-Blueprints (B0D832E4-1F89-4F0D-ACCF-7EB736FD4AA2): 10
LogDevObjectVersion:   Dev-Build (E1C64328-A22C-4D53-A36C-8E866417BD8C): 0
LogDevObjectVersion:   Dev-Core (375EC13C-06E4-48FB-B500-84F0262A717E): 4
LogDevObjectVersion:   Dev-Editor (E4B068ED-F494-42E9-A231-DA0B2E46BB41): 40
LogDevObjectVersion:   Dev-Framework (CFFC743F-43B0-4480-9391-14DF171D2073): 37
LogDevObjectVersion:   Dev-Mobile (B02B49B5-BB20-44E9-A304-32B752E40360): 3
LogDevObjectVersion:   Dev-Networking (A4E4105C-59A1-49B5-A7C5-40C4547EDFEE): 0
LogDevObjectVersion:   Dev-Online (39C831C9-5AE6-47DC-9A44-9C173E1C8E7C): 0
LogDevObjectVersion:   Dev-Physics (78F01B33-EBEA-4F98-B9B4-84EACCB95AA2): 14
LogDevObjectVersion:   Dev-Platform (6631380F-2D4D-43E0-8009-CF276956A95A): 0
LogDevObjectVersion:   Dev-Rendering (12F88B9F-8875-4AFC-A67C-D90C383ABD29): 45
LogDevObjectVersion:   Dev-Sequencer (7B5AE74C-D270-4C10-A958-57980B212A5A): 13
LogDevObjectVersion:   Dev-VR (D7296918-1DD6-4BDD-9DE2-64A83CC13884): 3
LogDevObjectVersion:   Dev-LoadTimes (C2A15278-BFE7-4AFE-6C17-90FF531DF755): 1
LogDevObjectVersion:   Private-Geometry (6EACA3D4-40EC-4CC1-B786-8BED09428FC5): 3
LogDevObjectVersion:   Dev-AnimPhys (29E575DD-E0A3-4627-9D10-D276232CDCEA): 17
LogDevObjectVersion:   Dev-Anim (AF43A65D-7FD3-4947-9873-3E8ED9C1BB05): 15
LogDevObjectVersion:   Dev-ReflectionCapture (6B266CEC-1EC7-4B8F-A30B-E4D90942FC07): 1
LogDevObjectVersion:   Dev-Automation (0DF73D61-A23F-47EA-B727-89E90C41499A): 1
LogDevObjectVersion:   FortniteMain (601D1886-AC64-4F84-AA16-D3DE0DEAC7D6): 47
LogDevObjectVersion:   FortniteRelease (E7086368-6B23-4C58-8439-1B7016265E91): 1
LogDevObjectVersion:   Dev-Enterprise (9DFFBCD6-494F-0158-E221-12823C92A888): 10
LogDevObjectVersion:   Dev-Niagara (F2AED0AC-9AFE-416F-8664-AA7FFA26D6FC): 1
LogDevObjectVersion:   Dev-Destruction (174F1F0B-B4C6-45A5-B13F-2EE8D0FB917D): 10
LogDevObjectVersion:   Dev-Physics-Ext (35F94A83-E258-406C-A318-09F59610247C): 41
LogDevObjectVersion:   Dev-PhysicsMaterial-Chaos (B68FC16E-8B1B-42E2-B453-215C058844FE): 1
LogDevObjectVersion:   Dev-CineCamera (B2E18506-4273-CFC2-A54E-F4BB758BBA07): 1
LogDevObjectVersion:   Dev-VirtualProduction (64F58936-FD1B-42BA-BA96-7289D5D0FA4E): 1
LogDevObjectVersion:   Dev-MediaFramework (6F0ED827-A609-4895-9C91-998D90180EA4): 2
LogInit: Presizing for max 25165824 objects, including 0 objects not considered by GC, pre-allocating 0 bytes for permanent pool.
LogConfig: Applying CVar settings from Section [/Script/Engine.StreamingSettings] File [C:/Users/evera5/CS498GD-FinalProject/FinalProject/Saved/Config/Windows/Engine.ini]
LogConfig: Setting CVar [[s.MinBulkDataSizeForAsyncLoading:131072]]
LogConfig: Setting CVar [[s.AsyncLoadingThreadEnabled:0]]
LogConfig: Setting CVar [[s.EventDrivenLoaderEnabled:1]]
LogConfig: Setting CVar [[s.WarnIfTimeLimitExceeded:0]]
LogConfig: Setting CVar [[s.TimeLimitExceededMultiplier:1.5]]
LogConfig: Setting CVar [[s.TimeLimitExceededMinTime:0.005]]
LogConfig: Setting CVar [[s.UseBackgroundLevelStreaming:1]]
LogConfig: Setting CVar [[s.PriorityAsyncLoadingExtraTime:15.0]]
LogConfig: Setting CVar [[s.LevelStreamingActorsUpdateTimeLimit:5.0]]
LogConfig: Setting CVar [[s.PriorityLevelStreamingActorsUpdateExtraTime:5.0]]
LogConfig: Setting CVar [[s.LevelStreamingComponentsRegistrationGranularity:10]]
LogConfig: Setting CVar [[s.UnregisterComponentsTimeLimit:1.0]]
LogConfig: Setting CVar [[s.LevelStreamingComponentsUnregistrationGranularity:5]]
LogConfig: Setting CVar [[s.FlushStreamingOnExit:1]]
LogInit: Object subsystem initialized
LogConfig: Setting CVar [[con.DebugEarlyDefault:1]]
LogConfig: Setting CVar [[r.setres:1280x720]]
[2022.04.14-00.22.43:524][  0]LogConfig: Setting CVar [[r.VSync:0]]
[2022.04.14-00.22.43:524][  0]LogConfig: Setting CVar [[r.RHICmdBypass:0]]
[2022.04.14-00.22.43:524][  0]LogConfig: Applying CVar settings from Section [/Script/Engine.RendererSettings] File [C:/Users/evera5/CS498GD-FinalProject/FinalProject/Saved/Config/Windows/Engine.ini]
[2022.04.14-00.22.43:524][  0]LogConfig: Setting CVar [[r.GPUCrashDebugging:0]]
[2022.04.14-00.22.43:524][  0]LogConfig: Applying CVar settings from Section [/Script/Engine.RendererOverrideSettings] File [C:/Users/evera5/CS498GD-FinalProject/FinalProject/Saved/Config/Windows/Engine.ini]
[2022.04.14-00.22.43:524][  0]LogConfig: Applying CVar settings from Section [/Script/Engine.StreamingSettings] File [C:/Users/evera5/CS498GD-FinalProject/FinalProject/Saved/Config/Windows/Engine.ini]
[2022.04.14-00.22.43:524][  0]LogConfig: Setting CVar [[s.MinBulkDataSizeForAsyncLoading:131072]]
[2022.04.14-00.22.43:524][  0]LogConfig: Setting CVar [[s.AsyncLoadingThreadEnabled:0]]
[2022.04.14-00.22.43:524][  0]LogConfig: Setting CVar [[s.EventDrivenLoaderEnabled:1]]
[2022.04.14-00.22.43:524][  0]LogConfig: Setting CVar [[s.WarnIfTimeLimitExceeded:0]]
[2022.04.14-00.22.43:524][  0]LogConfig: Setting CVar [[s.TimeLimitExceededMultiplier:1.5]]
[2022.04.14-00.22.43:524][  0]LogConfig: Setting CVar [[s.TimeLimitExceededMinTime:0.005]]
[2022.04.14-00.22.43:524][  0]LogConfig: Setting CVar [[s.UseBackgroundLevelStreaming:1]]
[2022.04.14-00.22.43:524][  0]LogConfig: Setting CVar [[s.PriorityAsyncLoadingExtraTime:15.0]]
[2022.04.14-00.22.43:524][  0]LogConfig: Setting CVar [[s.LevelStreamingActorsUpdateTimeLimit:5.0]]
[2022.04.14-00.22.43:524][  0]LogConfig: Setting CVar [[s.PriorityLevelStreamingActorsUpdateExtraTime:5.0]]
[2022.04.14-00.22.43:524][  0]LogConfig: Setting CVar [[s.LevelStreamingComponentsRegistrationGranularity:10]]
[2022.04.14-00.22.43:524][  0]LogConfig: Setting CVar [[s.UnregisterComponentsTimeLimit:1.0]]
[2022.04.14-00.22.43:524][  0]LogConfig: Setting CVar [[s.LevelStreamingComponentsUnregistrationGranularity:5]]
[2022.04.14-00.22.43:524][  0]LogConfig: Setting CVar [[s.FlushStreamingOnExit:1]]
[2022.04.14-00.22.43:524][  0]LogConfig: Applying CVar settings from Section [/Script/Engine.GarbageCollectionSettings] File [C:/Users/evera5/CS498GD-FinalProject/FinalProject/Saved/Config/Windows/Engine.ini]
[2022.04.14-00.22.43:524][  0]LogConfig: Setting CVar [[gc.MaxObjectsNotConsideredByGC:1]]
[2022.04.14-00.22.43:524][  0]LogConfig: Setting CVar [[gc.SizeOfPermanentObjectPool:0]]
[2022.04.14-00.22.43:524][  0]LogConfig: Setting CVar [[gc.FlushStreamingOnGC:0]]
[2022.04.14-00.22.43:524][  0]LogConfig: Setting CVar [[gc.NumRetriesBeforeForcingGC:10]]
[2022.04.14-00.22.43:524][  0]LogConfig: Setting CVar [[gc.AllowParallelGC:1]]
[2022.04.14-00.22.43:524][  0]LogConfig: Setting CVar [[gc.TimeBetweenPurgingPendingKillObjects:61.1]]
[2022.04.14-00.22.43:524][  0]LogConfig: Setting CVar [[gc.MaxObjectsInEditor:25165824]]
[2022.04.14-00.22.43:524][  0]LogConfig: Setting CVar [[gc.IncrementalBeginDestroyEnabled:1]]
[2022.04.14-00.22.43:524][  0]LogConfig: Setting CVar [[gc.CreateGCClusters:1]]
[2022.04.14-00.22.43:524][  0]LogConfig: Setting CVar [[gc.MinGCClusterSize:5]]
[2022.04.14-00.22.43:524][  0]LogConfig: Setting CVar [[gc.ActorClusteringEnabled:0]]
[2022.04.14-00.22.43:524][  0]LogConfig: Setting CVar [[gc.BlueprintClusteringEnabled:0]]
[2022.04.14-00.22.43:524][  0]LogConfig: Setting CVar [[gc.UseDisregardForGCOnDedicatedServers:0]]
[2022.04.14-00.22.43:524][  0]LogConfig: Setting CVar [[gc.MultithreadedDestructionEnabled:1]]
[2022.04.14-00.22.43:524][  0]LogConfig: Applying CVar settings from Section [/Script/Engine.NetworkSettings] File [C:/Users/evera5/CS498GD-FinalProject/FinalProject/Saved/Config/Windows/Engine.ini]
[2022.04.14-00.22.43:524][  0]LogConfig: Applying CVar settings from Section [/Script/UnrealEd.CookerSettings] File [C:/Users/evera5/CS498GD-FinalProject/FinalProject/Saved/Config/Windows/Engine.ini]
[2022.04.14-00.22.43:539][  0]LogConfig: Applying CVar settings from Section [ViewDistanceQuality@3] File [C:/Users/evera5/CS498GD-FinalProject/FinalProject/Saved/Config/Windows/Scalability.ini]
[2022.04.14-00.22.43:539][  0]LogConfig: Setting CVar [[r.SkeletalMeshLODBias:0]]
[2022.04.14-00.22.43:539][  0]LogConfig: Setting CVar [[r.ViewDistanceScale:1.0]]
[2022.04.14-00.22.43:539][  0]LogConfig: Applying CVar settings from Section [AntiAliasingQuality@3] File [C:/Users/evera5/CS498GD-FinalProject/FinalProject/Saved/Config/Windows/Scalability.ini]
[2022.04.14-00.22.43:539][  0]LogConfig: Setting CVar [[r.PostProcessAAQuality:4]]
[2022.04.14-00.22.43:539][  0]LogConfig: Applying CVar settings from Section [ShadowQuality@3] File [C:/Users/evera5/CS498GD-FinalProject/FinalProject/Saved/Config/Windows/Scalability.ini]
[2022.04.14-00.22.43:539][  0]LogConfig: Setting CVar [[r.LightFunctionQuality:1]]
[2022.04.14-00.22.43:539][  0]LogConfig: Setting CVar [[r.ShadowQuality:5]]
[2022.04.14-00.22.43:539][  0]LogConfig: Setting CVar [[r.Shadow.CSM.MaxCascades:10]]
[2022.04.14-00.22.43:539][  0]LogConfig: Setting CVar [[r.Shadow.MaxResolution:2048]]
[2022.04.14-00.22.43:539][  0]LogConfig: Setting CVar [[r.Shadow.MaxCSMResolution:2048]]
[2022.04.14-00.22.43:539][  0]LogConfig: Setting CVar [[r.Shadow.RadiusThreshold:0.01]]
[2022.04.14-00.22.43:539][  0]LogConfig: Setting CVar [[r.Shadow.DistanceScale:1.0]]
[2022.04.14-00.22.43:539][  0]LogConfig: Setting CVar [[r.Shadow.CSM.TransitionScale:1.0]]
[2022.04.14-00.22.43:539][  0]LogConfig: Setting CVar [[r.Shadow.PreShadowResolutionFactor:1.0]]
[2022.04.14-00.22.43:539][  0]LogConfig: Setting CVar [[r.DistanceFieldShadowing:1]]
[2022.04.14-00.22.43:539][  0]LogConfig: Setting CVar [[r.DistanceFieldAO:1]]
[2022.04.14-00.22.43:539][  0]LogConfig: Setting CVar [[r.AOQuality:2]]
[2022.04.14-00.22.43:539][  0]LogConfig: Setting CVar [[r.VolumetricFog:1]]
[2022.04.14-00.22.43:539][  0]LogConfig: Setting CVar [[r.VolumetricFog.GridPixelSize:8]]
[2022.04.14-00.22.43:539][  0]LogConfig: Setting CVar [[r.VolumetricFog.GridSizeZ:128]]
[2022.04.14-00.22.43:539][  0]LogConfig: Setting CVar [[r.VolumetricFog.HistoryMissSupersampleCount:4]]
[2022.04.14-00.22.43:539][  0]LogConfig: Setting CVar [[r.LightMaxDrawDistanceScale:1]]
[2022.04.14-00.22.43:539][  0]LogConfig: Setting CVar [[r.CapsuleShadows:1]]
[2022.04.14-00.22.43:539][  0]LogConfig: Applying CVar settings from Section [PostProcessQuality@3] File [C:/Users/evera5/CS498GD-FinalProject/FinalProject/Saved/Config/Windows/Scalability.ini]
[2022.04.14-00.22.43:539][  0]LogConfig: Setting CVar [[r.MotionBlurQuality:4]]
[2022.04.14-00.22.43:539][  0]LogConfig: Setting CVar [[r.AmbientOcclusionMipLevelFactor:0.4]]
[2022.04.14-00.22.43:539][  0]LogConfig: Setting CVar [[r.AmbientOcclusionMaxQuality:100]]
[2022.04.14-00.22.43:539][  0]LogConfig: Setting CVar [[r.AmbientOcclusionLevels:-1]]
[2022.04.14-00.22.43:539][  0]LogConfig: Setting CVar [[r.AmbientOcclusionRadiusScale:1.0]]
[2022.04.14-00.22.43:539][  0]LogConfig: Setting CVar [[r.DepthOfFieldQuality:2]]
[2022.04.14-00.22.43:539][  0]LogConfig: Setting CVar [[r.RenderTargetPoolMin:400]]
[2022.04.14-00.22.43:540][  0]LogConfig: Setting CVar [[r.LensFlareQuality:2]]
[2022.04.14-00.22.43:540][  0]LogConfig: Setting CVar [[r.SceneColorFringeQuality:1]]
[2022.04.14-00.22.43:540][  0]LogConfig: Setting CVar [[r.EyeAdaptationQuality:2]]
[2022.04.14-00.22.43:540][  0]LogConfig: Setting CVar [[r.BloomQuality:5]]
[2022.04.14-00.22.43:540][  0]LogConfig: Setting CVar [[r.FastBlurThreshold:100]]
[2022.04.14-00.22.43:540][  0]LogConfig: Setting CVar [[r.Upscale.Quality:3]]
[2022.04.14-00.22.43:540][  0]LogConfig: Setting CVar [[r.Tonemapper.GrainQuantization:1]]
[2022.04.14-00.22.43:540][  0]LogConfig: Setting CVar [[r.LightShaftQuality:1]]
[2022.04.14-00.22.43:540][  0]LogConfig: Setting CVar [[r.Filter.SizeScale:1]]
[2022.04.14-00.22.43:540][  0]LogConfig: Setting CVar [[r.Tonemapper.Quality:5]]
[2022.04.14-00.22.43:540][  0]LogConfig: Setting CVar [[r.DOF.Gather.AccumulatorQuality:1        ; higher gathering accumulator quality]]
[2022.04.14-00.22.43:540][  0]LogConfig: Setting CVar [[r.DOF.Gather.PostfilterMethod:1          ; Median3x3 postfilering method]]
[2022.04.14-00.22.43:540][  0]LogConfig: Setting CVar [[r.DOF.Gather.EnableBokehSettings:0       ; no bokeh simulation when gathering]]
[2022.04.14-00.22.43:540][  0]LogConfig: Setting CVar [[r.DOF.Gather.RingCount:4                 ; medium number of samples when gathering]]
[2022.04.14-00.22.43:540][  0]LogConfig: Setting CVar [[r.DOF.Scatter.ForegroundCompositing:1    ; additive foreground scattering]]
[2022.04.14-00.22.43:540][  0]LogConfig: Setting CVar [[r.DOF.Scatter.BackgroundCompositing:2    ; additive background scattering]]
[2022.04.14-00.22.43:540][  0]LogConfig: Setting CVar [[r.DOF.Scatter.EnableBokehSettings:1      ; bokeh simulation when scattering]]
[2022.04.14-00.22.43:540][  0]LogConfig: Setting CVar [[r.DOF.Scatter.MaxSpriteRatio:0.1         ; only a maximum of 10% of scattered bokeh]]
[2022.04.14-00.22.43:540][  0]LogConfig: Setting CVar [[r.DOF.Recombine.Quality:1                ; cheap slight out of focus]]
[2022.04.14-00.22.43:540][  0]LogConfig: Setting CVar [[r.DOF.Recombine.EnableBokehSettings:0    ; no bokeh simulation on slight out of focus]]
[2022.04.14-00.22.43:540][  0]LogConfig: Setting CVar [[r.DOF.TemporalAAQuality:1                ; more stable temporal accumulation]]
[2022.04.14-00.22.43:540][  0]LogConfig: Setting CVar [[r.DOF.Kernel.MaxForegroundRadius:0.025]]
[2022.04.14-00.22.43:540][  0]LogConfig: Setting CVar [[r.DOF.Kernel.MaxBackgroundRadius:0.025]]
[2022.04.14-00.22.43:540][  0]LogConfig: Applying CVar settings from Section [TextureQuality@3] File [C:/Users/evera5/CS498GD-FinalProject/FinalProject/Saved/Config/Windows/Scalability.ini]
[2022.04.14-00.22.43:540][  0]LogConfig: Setting CVar [[r.Streaming.MipBias:0]]
[2022.04.14-00.22.43:540][  0]LogConfig: Setting CVar [[r.Streaming.AmortizeCPUToGPUCopy:0]]
[2022.04.14-00.22.43:540][  0]LogConfig: Setting CVar [[r.Streaming.MaxNumTexturesToStreamPerFrame:0]]
[2022.04.14-00.22.43:540][  0]LogConfig: Setting CVar [[r.Streaming.Boost:1]]
[2022.04.14-00.22.43:540][  0]LogConfig: Setting CVar [[r.MaxAnisotropy:8]]
[2022.04.14-00.22.43:540][  0]LogConfig: Setting CVar [[r.VT.MaxAnisotropy:8]]
[2022.04.14-00.22.43:540][  0]LogConfig: Setting CVar [[r.Streaming.LimitPoolSizeToVRAM:0]]
[2022.04.14-00.22.43:540][  0]LogConfig: Setting CVar [[r.Streaming.PoolSize:1000]]
[2022.04.14-00.22.43:540][  0]LogConfig: Setting CVar [[r.Streaming.MaxEffectiveScreenSize:0]]
[2022.04.14-00.22.43:540][  0]LogConfig: Applying CVar settings from Section [EffectsQuality@3] File [C:/Users/evera5/CS498GD-FinalProject/FinalProject/Saved/Config/Windows/Scalability.ini]
[2022.04.14-00.22.43:540][  0]LogConfig: Setting CVar [[r.TranslucencyLightingVolumeDim:64]]
[2022.04.14-00.22.43:540][  0]LogConfig: Setting CVar [[r.RefractionQuality:2]]
[2022.04.14-00.22.43:540][  0]LogConfig: Setting CVar [[r.SSR.Quality:3]]
[2022.04.14-00.22.43:540][  0]LogConfig: Setting CVar [[r.SSR.HalfResSceneColor:0]]
[2022.04.14-00.22.43:540][  0]LogConfig: Setting CVar [[r.SceneColorFormat:4]]
[2022.04.14-00.22.43:540][  0]LogConfig: Setting CVar [[r.DetailMode:2]]
[2022.04.14-00.22.43:540][  0]LogConfig: Setting CVar [[r.TranslucencyVolumeBlur:1]]
[2022.04.14-00.22.43:540][  0]LogConfig: Setting CVar [[r.MaterialQualityLevel:1 ; High quality]]
[2022.04.14-00.22.43:540][  0]LogConfig: Setting CVar [[r.AnisotropicMaterials:1]]
[2022.04.14-00.22.43:540][  0]LogConfig: Setting CVar [[r.SSS.Scale:1]]
[2022.04.14-00.22.43:540][  0]LogConfig: Setting CVar [[r.SSS.SampleSet:2]]
[2022.04.14-00.22.43:540][  0]LogConfig: Setting CVar [[r.SSS.Quality:1]]
[2022.04.14-00.22.43:540][  0]LogConfig: Setting CVar [[r.SSS.HalfRes:0]]
[2022.04.14-00.22.43:540][  0]LogConfig: Setting CVar [[r.SSGI.Quality:3]]
[2022.04.14-00.22.43:540][  0]LogConfig: Setting CVar [[r.EmitterSpawnRateScale:1.0]]
[2022.04.14-00.22.43:540][  0]LogConfig: Setting CVar [[r.ParticleLightQuality:2]]
[2022.04.14-00.22.43:540][  0]LogConfig: Setting CVar [[r.SkyAtmosphere.AerialPerspectiveLUT.FastApplyOnOpaque:1 ; Always have FastSkyLUT 1 in this case to avoid wrong sky]]
[2022.04.14-00.22.43:540][  0]LogConfig: Setting CVar [[r.SkyAtmosphere.AerialPerspectiveLUT.SampleCountMaxPerSlice:4]]
[2022.04.14-00.22.43:540][  0]LogConfig: Setting CVar [[r.SkyAtmosphere.AerialPerspectiveLUT.DepthResolution:16.0]]
[2022.04.14-00.22.43:540][  0]LogConfig: Setting CVar [[r.SkyAtmosphere.FastSkyLUT:1]]
[2022.04.14-00.22.43:540][  0]LogConfig: Setting CVar [[r.SkyAtmosphere.FastSkyLUT.SampleCountMin:4.0]]
[2022.04.14-00.22.43:540][  0]LogConfig: Setting CVar [[r.SkyAtmosphere.FastSkyLUT.SampleCountMax:128.0]]
[2022.04.14-00.22.43:540][  0]LogConfig: Setting CVar [[r.SkyAtmosphere.SampleCountMin:4.0]]
[2022.04.14-00.22.43:540][  0]LogConfig: Setting CVar [[r.SkyAtmosphere.SampleCountMax:128.0]]
[2022.04.14-00.22.43:540][  0]LogConfig: Setting CVar [[r.SkyAtmosphere.TransmittanceLUT.UseSmallFormat:0]]
[2022.04.14-00.22.43:540][  0]LogConfig: Setting CVar [[r.SkyAtmosphere.TransmittanceLUT.SampleCount:10.0]]
[2022.04.14-00.22.43:540][  0]LogConfig: Setting CVar [[r.SkyAtmosphere.MultiScatteringLUT.SampleCount:15.0]]
[2022.04.14-00.22.43:540][  0]LogConfig: Setting CVar [[r.SkyLight.RealTimeReflectionCapture:1]]
[2022.04.14-00.22.43:540][  0]LogConfig: Applying CVar settings from Section [FoliageQuality@3] File [C:/Users/evera5/CS498GD-FinalProject/FinalProject/Saved/Config/Windows/Scalability.ini]
[2022.04.14-00.22.43:540][  0]LogConfig: Setting CVar [[foliage.DensityScale:1.0]]
[2022.04.14-00.22.43:540][  0]LogConfig: Setting CVar [[grass.DensityScale:1.0]]
[2022.04.14-00.22.43:540][  0]LogConfig: Applying CVar settings from Section [ShadingQuality@3] File [C:/Users/evera5/CS498GD-FinalProject/FinalProject/Saved/Config/Windows/Scalability.ini]
[2022.04.14-00.22.43:540][  0]LogConfig: Setting CVar [[r.HairStrands.SkyLighting.IntegrationType:2]]
[2022.04.14-00.22.43:540][  0]LogConfig: Setting CVar [[r.HairStrands.SkyAO.SampleCount:4]]
[2022.04.14-00.22.43:540][  0]LogConfig: Setting CVar [[r.HairStrands.Visibility.MSAA.SamplePerPixel:4]]
[2022.04.14-00.22.43:540][  0]LogInit: Selected Device Profile: [Windows]
[2022.04.14-00.22.43:540][  0]LogInit: Applying CVar settings loaded from the selected device profile: [Windows]
[2022.04.14-00.22.43:541][  0]LogHAL: Display: Platform has ~ 16 GB [17098391552 / 17179869184 / 16], which maps to Larger [LargestMinGB=32, LargerMinGB=12, DefaultMinGB=8, SmallerMinGB=6, SmallestMinGB=0)
[2022.04.14-00.22.43:541][  0]LogInit: Going up to parent DeviceProfile []
[2022.04.14-00.22.43:541][  0]LogConfig: Applying CVar settings from Section [ViewDistanceQuality@3] File [C:/Users/evera5/CS498GD-FinalProject/FinalProject/Saved/Config/Windows/Scalability.ini]
[2022.04.14-00.22.43:541][  0]LogConfig: Setting CVar [[r.SkeletalMeshLODBias:0]]
[2022.04.14-00.22.43:541][  0]LogConfig: Setting CVar [[r.ViewDistanceScale:1.0]]
[2022.04.14-00.22.43:541][  0]LogConfig: Applying CVar settings from Section [AntiAliasingQuality@3] File [C:/Users/evera5/CS498GD-FinalProject/FinalProject/Saved/Config/Windows/Scalability.ini]
[2022.04.14-00.22.43:541][  0]LogConfig: Setting CVar [[r.PostProcessAAQuality:4]]
[2022.04.14-00.22.43:541][  0]LogConfig: Applying CVar settings from Section [ShadowQuality@3] File [C:/Users/evera5/CS498GD-FinalProject/FinalProject/Saved/Config/Windows/Scalability.ini]
[2022.04.14-00.22.43:541][  0]LogConfig: Setting CVar [[r.LightFunctionQuality:1]]
[2022.04.14-00.22.43:541][  0]LogConfig: Setting CVar [[r.ShadowQuality:5]]
[2022.04.14-00.22.43:541][  0]LogConfig: Setting CVar [[r.Shadow.CSM.MaxCascades:10]]
[2022.04.14-00.22.43:541][  0]LogConfig: Setting CVar [[r.Shadow.MaxResolution:2048]]
[2022.04.14-00.22.43:541][  0]LogConfig: Setting CVar [[r.Shadow.MaxCSMResolution:2048]]
[2022.04.14-00.22.43:541][  0]LogConfig: Setting CVar [[r.Shadow.RadiusThreshold:0.01]]
[2022.04.14-00.22.43:541][  0]LogConfig: Setting CVar [[r.Shadow.DistanceScale:1.0]]
[2022.04.14-00.22.43:541][  0]LogConfig: Setting CVar [[r.Shadow.CSM.TransitionScale:1.0]]
[2022.04.14-00.22.43:541][  0]LogConfig: Setting CVar [[r.Shadow.PreShadowResolutionFactor:1.0]]
[2022.04.14-00.22.43:541][  0]LogConfig: Setting CVar [[r.DistanceFieldShadowing:1]]
[2022.04.14-00.22.43:541][  0]LogConfig: Setting CVar [[r.DistanceFieldAO:1]]
[2022.04.14-00.22.43:541][  0]LogConfig: Setting CVar [[r.AOQuality:2]]
[2022.04.14-00.22.43:541][  0]LogConfig: Setting CVar [[r.VolumetricFog:1]]
[2022.04.14-00.22.43:541][  0]LogConfig: Setting CVar [[r.VolumetricFog.GridPixelSize:8]]
[2022.04.14-00.22.43:541][  0]LogConfig: Setting CVar [[r.VolumetricFog.GridSizeZ:128]]
[2022.04.14-00.22.43:541][  0]LogConfig: Setting CVar [[r.VolumetricFog.HistoryMissSupersampleCount:4]]
[2022.04.14-00.22.43:541][  0]LogConfig: Setting CVar [[r.LightMaxDrawDistanceScale:1]]
[2022.04.14-00.22.43:541][  0]LogConfig: Setting CVar [[r.CapsuleShadows:1]]
[2022.04.14-00.22.43:541][  0]LogConfig: Applying CVar settings from Section [PostProcessQuality@3] File [C:/Users/evera5/CS498GD-FinalProject/FinalProject/Saved/Config/Windows/Scalability.ini]
[2022.04.14-00.22.43:541][  0]LogConfig: Setting CVar [[r.MotionBlurQuality:4]]
[2022.04.14-00.22.43:541][  0]LogConfig: Setting CVar [[r.AmbientOcclusionMipLevelFactor:0.4]]
[2022.04.14-00.22.43:541][  0]LogConfig: Setting CVar [[r.AmbientOcclusionMaxQuality:100]]
[2022.04.14-00.22.43:541][  0]LogConfig: Setting CVar [[r.AmbientOcclusionLevels:-1]]
[2022.04.14-00.22.43:541][  0]LogConfig: Setting CVar [[r.AmbientOcclusionRadiusScale:1.0]]
[2022.04.14-00.22.43:541][  0]LogConfig: Setting CVar [[r.DepthOfFieldQuality:2]]
[2022.04.14-00.22.43:541][  0]LogConfig: Setting CVar [[r.RenderTargetPoolMin:400]]
[2022.04.14-00.22.43:541][  0]LogConfig: Setting CVar [[r.LensFlareQuality:2]]
[2022.04.14-00.22.43:541][  0]LogConfig: Setting CVar [[r.SceneColorFringeQuality:1]]
[2022.04.14-00.22.43:541][  0]LogConfig: Setting CVar [[r.EyeAdaptationQuality:2]]
[2022.04.14-00.22.43:541][  0]LogConfig: Setting CVar [[r.BloomQuality:5]]
[2022.04.14-00.22.43:541][  0]LogConfig: Setting CVar [[r.FastBlurThreshold:100]]
[2022.04.14-00.22.43:541][  0]LogConfig: Setting CVar [[r.Upscale.Quality:3]]
[2022.04.14-00.22.43:541][  0]LogConfig: Setting CVar [[r.Tonemapper.GrainQuantization:1]]
[2022.04.14-00.22.43:541][  0]LogConfig: Setting CVar [[r.LightShaftQuality:1]]
[2022.04.14-00.22.43:541][  0]LogConfig: Setting CVar [[r.Filter.SizeScale:1]]
[2022.04.14-00.22.43:541][  0]LogConfig: Setting CVar [[r.Tonemapper.Quality:5]]
[2022.04.14-00.22.43:541][  0]LogConfig: Setting CVar [[r.DOF.Gather.AccumulatorQuality:1        ; higher gathering accumulator quality]]
[2022.04.14-00.22.43:541][  0]LogConfig: Setting CVar [[r.DOF.Gather.PostfilterMethod:1          ; Median3x3 postfilering method]]
[2022.04.14-00.22.43:541][  0]LogConfig: Setting CVar [[r.DOF.Gather.EnableBokehSettings:0       ; no bokeh simulation when gathering]]
[2022.04.14-00.22.43:541][  0]LogConfig: Setting CVar [[r.DOF.Gather.RingCount:4                 ; medium number of samples when gathering]]
[2022.04.14-00.22.43:541][  0]LogConfig: Setting CVar [[r.DOF.Scatter.ForegroundCompositing:1    ; additive foreground scattering]]
[2022.04.14-00.22.43:541][  0]LogConfig: Setting CVar [[r.DOF.Scatter.BackgroundCompositing:2    ; additive background scattering]]
[2022.04.14-00.22.43:541][  0]LogConfig: Setting CVar [[r.DOF.Scatter.EnableBokehSettings:1      ; bokeh simulation when scattering]]
[2022.04.14-00.22.43:541][  0]LogConfig: Setting CVar [[r.DOF.Scatter.MaxSpriteRatio:0.1         ; only a maximum of 10% of scattered bokeh]]
[2022.04.14-00.22.43:541][  0]LogConfig: Setting CVar [[r.DOF.Recombine.Quality:1                ; cheap slight out of focus]]
[2022.04.14-00.22.43:541][  0]LogConfig: Setting CVar [[r.DOF.Recombine.EnableBokehSettings:0    ; no bokeh simulation on slight out of focus]]
[2022.04.14-00.22.43:541][  0]LogConfig: Setting CVar [[r.DOF.TemporalAAQuality:1                ; more stable temporal accumulation]]
[2022.04.14-00.22.43:541][  0]LogConfig: Setting CVar [[r.DOF.Kernel.MaxForegroundRadius:0.025]]
[2022.04.14-00.22.43:541][  0]LogConfig: Setting CVar [[r.DOF.Kernel.MaxBackgroundRadius:0.025]]
[2022.04.14-00.22.43:541][  0]LogConfig: Applying CVar settings from Section [TextureQuality@3] File [C:/Users/evera5/CS498GD-FinalProject/FinalProject/Saved/Config/Windows/Scalability.ini]
[2022.04.14-00.22.43:541][  0]LogConfig: Setting CVar [[r.Streaming.MipBias:0]]
[2022.04.14-00.22.43:541][  0]LogConfig: Setting CVar [[r.Streaming.AmortizeCPUToGPUCopy:0]]
[2022.04.14-00.22.43:541][  0]LogConfig: Setting CVar [[r.Streaming.MaxNumTexturesToStreamPerFrame:0]]
[2022.04.14-00.22.43:541][  0]LogConfig: Setting CVar [[r.Streaming.Boost:1]]
[2022.04.14-00.22.43:541][  0]LogConfig: Setting CVar [[r.MaxAnisotropy:8]]
[2022.04.14-00.22.43:541][  0]LogConfig: Setting CVar [[r.VT.MaxAnisotropy:8]]
[2022.04.14-00.22.43:541][  0]LogConfig: Setting CVar [[r.Streaming.LimitPoolSizeToVRAM:0]]
[2022.04.14-00.22.43:541][  0]LogConfig: Setting CVar [[r.Streaming.PoolSize:1000]]
[2022.04.14-00.22.43:541][  0]LogConfig: Setting CVar [[r.Streaming.MaxEffectiveScreenSize:0]]
[2022.04.14-00.22.43:541][  0]LogConfig: Applying CVar settings from Section [EffectsQuality@3] File [C:/Users/evera5/CS498GD-FinalProject/FinalProject/Saved/Config/Windows/Scalability.ini]
[2022.04.14-00.22.43:541][  0]LogConfig: Setting CVar [[r.TranslucencyLightingVolumeDim:64]]
[2022.04.14-00.22.43:541][  0]LogConfig: Setting CVar [[r.RefractionQuality:2]]
[2022.04.14-00.22.43:541][  0]LogConfig: Setting CVar [[r.SSR.Quality:3]]
[2022.04.14-00.22.43:541][  0]LogConfig: Setting CVar [[r.SSR.HalfResSceneColor:0]]
[2022.04.14-00.22.43:541][  0]LogConfig: Setting CVar [[r.SceneColorFormat:4]]
[2022.04.14-00.22.43:541][  0]LogConfig: Setting CVar [[r.DetailMode:2]]
[2022.04.14-00.22.43:541][  0]LogConfig: Setting CVar [[r.TranslucencyVolumeBlur:1]]
[2022.04.14-00.22.43:541][  0]LogConfig: Setting CVar [[r.MaterialQualityLevel:1 ; High quality]]
[2022.04.14-00.22.43:541][  0]LogConfig: Setting CVar [[r.AnisotropicMaterials:1]]
[2022.04.14-00.22.43:541][  0]LogConfig: Setting CVar [[r.SSS.Scale:1]]
[2022.04.14-00.22.43:542][  0]LogConfig: Setting CVar [[r.SSS.SampleSet:2]]
[2022.04.14-00.22.43:542][  0]LogConfig: Setting CVar [[r.SSS.Quality:1]]
[2022.04.14-00.22.43:542][  0]LogConfig: Setting CVar [[r.SSS.HalfRes:0]]
[2022.04.14-00.22.43:542][  0]LogConfig: Setting CVar [[r.SSGI.Quality:3]]
[2022.04.14-00.22.43:542][  0]LogConfig: Setting CVar [[r.EmitterSpawnRateScale:1.0]]
[2022.04.14-00.22.43:542][  0]LogConfig: Setting CVar [[r.ParticleLightQuality:2]]
[2022.04.14-00.22.43:542][  0]LogConfig: Setting CVar [[r.SkyAtmosphere.AerialPerspectiveLUT.FastApplyOnOpaque:1 ; Always have FastSkyLUT 1 in this case to avoid wrong sky]]
[2022.04.14-00.22.43:542][  0]LogConfig: Setting CVar [[r.SkyAtmosphere.AerialPerspectiveLUT.SampleCountMaxPerSlice:4]]
[2022.04.14-00.22.43:542][  0]LogConfig: Setting CVar [[r.SkyAtmosphere.AerialPerspectiveLUT.DepthResolution:16.0]]
[2022.04.14-00.22.43:542][  0]LogConfig: Setting CVar [[r.SkyAtmosphere.FastSkyLUT:1]]
[2022.04.14-00.22.43:542][  0]LogConfig: Setting CVar [[r.SkyAtmosphere.FastSkyLUT.SampleCountMin:4.0]]
[2022.04.14-00.22.43:542][  0]LogConfig: Setting CVar [[r.SkyAtmosphere.FastSkyLUT.SampleCountMax:128.0]]
[2022.04.14-00.22.43:542][  0]LogConfig: Setting CVar [[r.SkyAtmosphere.SampleCountMin:4.0]]
[2022.04.14-00.22.43:542][  0]LogConfig: Setting CVar [[r.SkyAtmosphere.SampleCountMax:128.0]]
[2022.04.14-00.22.43:542][  0]LogConfig: Setting CVar [[r.SkyAtmosphere.TransmittanceLUT.UseSmallFormat:0]]
[2022.04.14-00.22.43:542][  0]LogConfig: Setting CVar [[r.SkyAtmosphere.TransmittanceLUT.SampleCount:10.0]]
[2022.04.14-00.22.43:542][  0]LogConfig: Setting CVar [[r.SkyAtmosphere.MultiScatteringLUT.SampleCount:15.0]]
[2022.04.14-00.22.43:542][  0]LogConfig: Setting CVar [[r.SkyLight.RealTimeReflectionCapture:1]]
[2022.04.14-00.22.43:542][  0]LogConfig: Applying CVar settings from Section [FoliageQuality@3] File [C:/Users/evera5/CS498GD-FinalProject/FinalProject/Saved/Config/Windows/Scalability.ini]
[2022.04.14-00.22.43:542][  0]LogConfig: Setting CVar [[foliage.DensityScale:1.0]]
[2022.04.14-00.22.43:542][  0]LogConfig: Setting CVar [[grass.DensityScale:1.0]]
[2022.04.14-00.22.43:542][  0]LogConfig: Applying CVar settings from Section [ShadingQuality@3] File [C:/Users/evera5/CS498GD-FinalProject/FinalProject/Saved/Config/Windows/Scalability.ini]
[2022.04.14-00.22.43:542][  0]LogConfig: Setting CVar [[r.HairStrands.SkyLighting.IntegrationType:2]]
[2022.04.14-00.22.43:542][  0]LogConfig: Setting CVar [[r.HairStrands.SkyAO.SampleCount:4]]
[2022.04.14-00.22.43:542][  0]LogConfig: Setting CVar [[r.HairStrands.Visibility.MSAA.SamplePerPixel:4]]
[2022.04.14-00.22.43:542][  0]LogConfig: Applying CVar settings from Section [Startup] File [../../../Engine/Config/ConsoleVariables.ini]
[2022.04.14-00.22.43:542][  0]LogConfig: Setting CVar [[net.UseAdaptiveNetUpdateFrequency:0]]
[2022.04.14-00.22.43:542][  0]LogConfig: Setting CVar [[p.chaos.AllowCreatePhysxBodies:1]]
[2022.04.14-00.22.43:542][  0]LogConfig: Setting CVar [[fx.SkipVectorVMBackendOptimizations:1]]
[2022.04.14-00.22.43:542][  0]LogConfig: Applying CVar settings from Section [ConsoleVariables] File [C:/Users/evera5/CS498GD-FinalProject/FinalProject/Saved/Config/Windows/Engine.ini]
[2022.04.14-00.22.43:542][  0]LogConfig: Applying CVar settings from Section [ConsoleVariables] File [C:/Users/evera5/CS498GD-FinalProject/FinalProject/Saved/Config/Windows/Editor.ini]
[2022.04.14-00.22.43:542][  0]LogInit: Computer: SIEBL-4107-19
[2022.04.14-00.22.43:542][  0]LogInit: User: evera5
[2022.04.14-00.22.43:542][  0]LogInit: CPU Page size=4096, Cores=4
[2022.04.14-00.22.43:542][  0]LogInit: High frequency timer resolution =10.000000 MHz
[2022.04.14-00.22.43:542][  0]LogMemory: Memory total: Physical=15.9GB (16GB approx)
[2022.04.14-00.22.43:542][  0]LogMemory: Platform Memory Stats for Windows
[2022.04.14-00.22.43:542][  0]LogMemory: Process Physical Memory: 141.08 MB used, 141.09 MB peak
[2022.04.14-00.22.43:542][  0]LogMemory: Process Virtual Memory: 126.49 MB used, 126.49 MB peak
[2022.04.14-00.22.43:542][  0]LogMemory: Physical Memory: 8220.36 MB used,  8085.94 MB free, 16306.30 MB total
[2022.04.14-00.22.43:542][  0]LogMemory: Virtual Memory: 134209064.00 MB used,  8664.20 MB free, 134217728.00 MB total
[2022.04.14-00.22.43:550][  0]LogWindows: WindowsPlatformFeatures enabled
[2022.04.14-00.22.43:589][  0]LogInit: Physics initialised using underlying interface: PhysX
[2022.04.14-00.22.43:590][  0]LogInit: Using OS detected language (en-US).
[2022.04.14-00.22.43:590][  0]LogInit: Using OS detected locale (en-US).
[2022.04.14-00.22.43:595][  0]LogTextLocalizationManager: No specific localization for 'en-US' exists, so the 'en' localization will be used.
[2022.04.14-00.22.43:799][  0]LogInit: Setting process to per monitor DPI aware
[2022.04.14-00.22.43:819][  0]LogWindowsTextInputMethodSystem: Display: IME system deactivated.
[2022.04.14-00.22.43:838][  0]LogSlate: New Slate User Created.  User Index 0, Is Virtual User: 0
[2022.04.14-00.22.43:838][  0]LogSlate: Slate User Registered.  User Index 0, Is Virtual User: 0
[2022.04.14-00.22.44:057][  0]LogD3D11RHI: Loaded GFSDK_Aftermath_Lib.x64.dll
[2022.04.14-00.22.44:061][  0]LogHMD: Failed to initialize OpenVR with code 110
[2022.04.14-00.22.44:062][  0]LogD3D11RHI: D3D11 min allowed feature level: 11_0
[2022.04.14-00.22.44:062][  0]LogD3D11RHI: D3D11 max allowed feature level: 11_0
[2022.04.14-00.22.44:062][  0]LogD3D11RHI: D3D11 adapters:
[2022.04.14-00.22.44:160][  0]LogD3D11RHI:    0. 'NVIDIA GeForce GTX 1080' (Feature Level 11_0)
[2022.04.14-00.22.44:160][  0]LogD3D11RHI:       8079/0/8153 MB DedicatedVideo/DedicatedSystem/SharedSystem, Outputs:2, VendorId:0x10de
[2022.04.14-00.22.44:163][  0]LogD3D11RHI:    1. 'Microsoft Basic Render Driver' (Feature Level 11_0)
[2022.04.14-00.22.44:163][  0]LogD3D11RHI:       0/0/8153 MB DedicatedVideo/DedicatedSystem/SharedSystem, Outputs:0, VendorId:0x1414
[2022.04.14-00.22.44:163][  0]LogD3D11RHI: Chosen D3D11 Adapter:
[2022.04.14-00.22.44:163][  0]LogD3D11RHI:     Description : NVIDIA GeForce GTX 1080
[2022.04.14-00.22.44:163][  0]LogD3D11RHI:     VendorId    : 10de
[2022.04.14-00.22.44:163][  0]LogD3D11RHI:     DeviceId    : 1b80
[2022.04.14-00.22.44:163][  0]LogD3D11RHI:     SubSysId    : 142519da
[2022.04.14-00.22.44:163][  0]LogD3D11RHI:     Revision    : 00a1
[2022.04.14-00.22.44:163][  0]LogD3D11RHI:     DedicatedVideoMemory : 8471445504 bytes
[2022.04.14-00.22.44:163][  0]LogD3D11RHI:     DedicatedSystemMemory : 0 bytes
[2022.04.14-00.22.44:163][  0]LogD3D11RHI:     SharedSystemMemory : 8549195776 bytes
[2022.04.14-00.22.44:163][  0]LogD3D11RHI:     AdapterLuid : 0 125290
[2022.04.14-00.22.44:169][  0]LogD3D11RHI: Creating new Direct3DDevice
[2022.04.14-00.22.44:169][  0]LogD3D11RHI:     GPU DeviceId: 0x1b80 (for the marketing name, search the web for "GPU Device Id")
[2022.04.14-00.22.44:169][  0]LogWindows: EnumDisplayDevices:
[2022.04.14-00.22.44:169][  0]LogWindows:    0. 'NVIDIA GeForce GTX 1080' (P:1 D:1)
[2022.04.14-00.22.44:170][  0]LogWindows:    1. 'NVIDIA GeForce GTX 1080' (P:0 D:1)
[2022.04.14-00.22.44:170][  0]LogWindows:    2. 'NVIDIA GeForce GTX 1080' (P:0 D:0)
[2022.04.14-00.22.44:171][  0]LogWindows:    3. 'NVIDIA GeForce GTX 1080' (P:0 D:0)
[2022.04.14-00.22.44:171][  0]LogWindows: DebugString: FoundDriverCount:4 
[2022.04.14-00.22.44:171][  0]LogD3D11RHI:     Adapter Name: NVIDIA GeForce GTX 1080
[2022.04.14-00.22.44:171][  0]LogD3D11RHI:   Driver Version: 456.71 (internal:27.21.14.5671, unified:456.71)
[2022.04.14-00.22.44:171][  0]LogD3D11RHI:      Driver Date: 9-30-2020
[2022.04.14-00.22.44:171][  0]LogRHI: Texture pool is 5655 MB (70% of 8079 MB)
[2022.04.14-00.22.44:171][  0]LogD3D11RHI: Creating D3DDevice using adapter:
[2022.04.14-00.22.44:171][  0]LogD3D11RHI:     Description : NVIDIA GeForce GTX 1080
[2022.04.14-00.22.44:171][  0]LogD3D11RHI:     VendorId    : 10de
[2022.04.14-00.22.44:171][  0]LogD3D11RHI:     DeviceId    : 1b80
[2022.04.14-00.22.44:171][  0]LogD3D11RHI:     SubSysId    : 142519da
[2022.04.14-00.22.44:171][  0]LogD3D11RHI:     Revision    : 00a1
[2022.04.14-00.22.44:171][  0]LogD3D11RHI:     DedicatedVideoMemory : 8471445504 bytes
[2022.04.14-00.22.44:171][  0]LogD3D11RHI:     DedicatedSystemMemory : 0 bytes
[2022.04.14-00.22.44:171][  0]LogD3D11RHI:     SharedSystemMemory : 8549195776 bytes
[2022.04.14-00.22.44:172][  0]LogD3D11RHI:     AdapterLuid : 0 125290
[2022.04.14-00.22.44:242][  0]LogD3D11RHI: RHI has support for 64 bit atomics
[2022.04.14-00.22.44:243][  0]LogD3D11RHI: Async texture creation enabled
[2022.04.14-00.22.44:243][  0]LogD3D11RHI: Array index from any shader is supported
[2022.04.14-00.22.44:262][  0]LogD3D11RHI: GPU Timing Frequency: 1000.000000 (Debug: 2 1)
[2022.04.14-00.22.44:326][  0]LogRHI: GeForceNow SDK initialized: 1
[2022.04.14-00.22.44:883][  0]LogTargetPlatformManager: Display: Loaded TargetPlatform 'AllDesktop'
[2022.04.14-00.22.44:909][  0]LogTargetPlatformManager: Display: Loaded TargetPlatform 'Android'
[2022.04.14-00.22.44:909][  0]LogTargetPlatformManager: Display: Loaded TargetPlatform 'Android_ASTC'
[2022.04.14-00.22.44:909][  0]LogTargetPlatformManager: Display: Loaded TargetPlatform 'Android_DXT'
[2022.04.14-00.22.44:909][  0]LogTargetPlatformManager: Display: Loaded TargetPlatform 'Android_ETC2'
[2022.04.14-00.22.44:909][  0]LogTargetPlatformManager: Display: Loaded TargetPlatform 'AndroidClient'
[2022.04.14-00.22.44:909][  0]LogTargetPlatformManager: Display: Loaded TargetPlatform 'Android_ASTCClient'
[2022.04.14-00.22.44:909][  0]LogTargetPlatformManager: Display: Loaded TargetPlatform 'Android_DXTClient'
[2022.04.14-00.22.44:909][  0]LogTargetPlatformManager: Display: Loaded TargetPlatform 'Android_ETC2Client'
[2022.04.14-00.22.44:909][  0]LogTargetPlatformManager: Display: Loaded TargetPlatform 'Android_Multi'
[2022.04.14-00.22.44:909][  0]LogTargetPlatformManager: Display: Loaded TargetPlatform 'Android_MultiClient'
[2022.04.14-00.22.44:934][  0]LogTargetPlatformManager: Display: Loaded TargetPlatform 'IOSClient'
[2022.04.14-00.22.44:934][  0]LogTargetPlatformManager: Display: Loaded TargetPlatform 'IOS'
[2022.04.14-00.22.44:947][  0]LogTargetPlatformManager: Display: Loaded TargetPlatform 'Linux'
[2022.04.14-00.22.44:953][  0]LogTargetPlatformManager: Display: Loaded TargetPlatform 'LinuxNoEditor'
[2022.04.14-00.22.44:961][  0]LogTargetPlatformManager: Display: Loaded TargetPlatform 'LinuxClient'
[2022.04.14-00.22.44:968][  0]LogTargetPlatformManager: Display: Loaded TargetPlatform 'LinuxServer'
[2022.04.14-00.22.44:983][  0]LogTargetPlatformManager: Display: Loaded TargetPlatform 'LinuxAArch64NoEditor'
[2022.04.14-00.22.44:990][  0]LogTargetPlatformManager: Display: Loaded TargetPlatform 'LinuxAArch64Client'
[2022.04.14-00.22.44:997][  0]LogTargetPlatformManager: Display: Loaded TargetPlatform 'LinuxAArch64Server'
[2022.04.14-00.22.45:033][  0]LogTargetPlatformManager: Display: Loaded TargetPlatform 'Lumin'
[2022.04.14-00.22.45:033][  0]LogTargetPlatformManager: Display: Loaded TargetPlatform 'LuminClient'
[2022.04.14-00.22.45:045][  0]LogTargetPlatformManager: Display: Loaded TargetPlatform 'MacNoEditor'
[2022.04.14-00.22.45:051][  0]LogTargetPlatformManager: Display: Loaded TargetPlatform 'Mac'
[2022.04.14-00.22.45:057][  0]LogTargetPlatformManager: Display: Loaded TargetPlatform 'MacClient'
[2022.04.14-00.22.45:064][  0]LogTargetPlatformManager: Display: Loaded TargetPlatform 'MacServer'
[2022.04.14-00.22.45:079][  0]LogTargetPlatformManager: Display: Loaded TargetPlatform 'TVOSClient'
[2022.04.14-00.22.45:079][  0]LogTargetPlatformManager: Display: Loaded TargetPlatform 'TVOS'
[2022.04.14-00.22.45:097][  0]LogTargetPlatformManager: Display: Loaded TargetPlatform 'WindowsNoEditor'
[2022.04.14-00.22.45:106][  0]LogTargetPlatformManager: Display: Loaded TargetPlatform 'Windows'
[2022.04.14-00.22.45:113][  0]LogTargetPlatformManager: Display: Loaded TargetPlatform 'WindowsClient'
[2022.04.14-00.22.45:119][  0]LogTargetPlatformManager: Display: Loaded TargetPlatform 'WindowsServer'
[2022.04.14-00.22.45:119][  0]LogTargetPlatformManager: Display: Building Assets For Windows
[2022.04.14-00.22.45:134][  0]LogAudioDebug: Display: Lib vorbis DLL was dynamically loaded.
[2022.04.14-00.22.45:187][  0]LogTextureFormatOodle: Display: Oodle Texture 2.9.0 init RDO Off
[2022.04.14-00.22.45:236][  0]LogRendererCore: Ray tracing is disabled. Reason: r.RayTracing=0.
[2022.04.14-00.22.45:238][  0]LogShaderCompilers: Guid format shader working directory is -17 characters bigger than the processId version (../../../../../../Users/evera5/CS498GD-FinalProject/FinalProject/Intermediate/Shaders/WorkingDirectory/1432/).
[2022.04.14-00.22.45:238][  0]LogShaderCompilers: Cleaned the shader compiler working directory 'C:/Users/evera5/AppData/Local/Temp/UnrealShaderWorkingDir/527BA1EC49FB2EBFD4B33797DD591C18/'.
[2022.04.14-00.22.45:238][  0]LogXGEController: Cannot use XGE Controller as Incredibuild is not installed on this machine.
[2022.04.14-00.22.45:238][  0]LogShaderCompilers: Cannot use XGE Shader Compiler as Incredibuild is not installed on this machine.
[2022.04.14-00.22.45:238][  0]LogShaderCompilers: Display: Using Local Shader Compiler.
[2022.04.14-00.22.46:091][  0]LogDerivedDataCache: Display: Max Cache Size: 512 MB
[2022.04.14-00.22.46:153][  0]LogDerivedDataCache: Loaded boot cache 0.06s 94MB C:/Users/evera5/AppData/Local/UnrealEngine/4.27/DerivedDataCache/Boot.ddc.
[2022.04.14-00.22.46:153][  0]LogDerivedDataCache: Display: Loaded Boot cache: C:/Users/evera5/AppData/Local/UnrealEngine/4.27/DerivedDataCache/Boot.ddc
[2022.04.14-00.22.46:153][  0]LogDerivedDataCache: FDerivedDataBackendGraph:  Pak pak cache file ../../../../../../Users/evera5/CS498GD-FinalProject/FinalProject/DerivedDataCache/DDC.ddp not found, will not use a pak cache.
[2022.04.14-00.22.46:153][  0]LogDerivedDataCache: Unable to find inner node Pak for hierarchical cache Hierarchy.
[2022.04.14-00.22.46:153][  0]LogDerivedDataCache: FDerivedDataBackendGraph:  CompressedPak pak cache file ../../../../../../Users/evera5/CS498GD-FinalProject/FinalProject/DerivedDataCache/Compressed.ddp not found, will not use a pak cache.
[2022.04.14-00.22.46:153][  0]LogDerivedDataCache: Unable to find inner node CompressedPak for hierarchical cache Hierarchy.
[2022.04.14-00.22.46:171][  0]LogDerivedDataCache: Display: Pak cache opened for reading ../../../Engine/DerivedDataCache/Compressed.ddp.
[2022.04.14-00.22.46:171][  0]LogDerivedDataCache: FDerivedDataBackendGraph:  EnterprisePak pak cache file ../../../Enterprise/DerivedDataCache/Compressed.ddp not found, will not use a pak cache.
[2022.04.14-00.22.46:171][  0]LogDerivedDataCache: Unable to find inner node EnterprisePak for hierarchical cache Hierarchy.
[2022.04.14-00.22.46:219][  0]LogDerivedDataCache: Speed tests for C:/Users/evera5/AppData/Local/UnrealEngine/Common/DerivedDataCache took 0.05 seconds
[2022.04.14-00.22.46:220][  0]LogDerivedDataCache: Display: Performance to C:/Users/evera5/AppData/Local/UnrealEngine/Common/DerivedDataCache: Latency=0.04ms. RandomReadSpeed=517.64MBs, RandomWriteSpeed=20.33MBs. Assigned SpeedClass 'Local'
[2022.04.14-00.22.46:221][  0]LogDerivedDataCache: Using Local data cache path C:/Users/evera5/AppData/Local/UnrealEngine/Common/DerivedDataCache: Writable
[2022.04.14-00.22.46:221][  0]LogDerivedDataCache: Shared data cache path not found in *engine.ini, will not use an Shared cache.
[2022.04.14-00.22.46:221][  0]LogDerivedDataCache: Unable to find inner node Shared for hierarchical cache Hierarchy.
[2022.04.14-00.22.46:277][  0]LogSlate: Using FreeType 2.10.0
[2022.04.14-00.22.46:277][  0]LogSlate: SlateFontServices - WITH_FREETYPE: 1, WITH_HARFBUZZ: 1
[2022.04.14-00.22.46:311][  0]LogAssetRegistry: FAssetRegistry took 0.0031 seconds to start up
[2022.04.14-00.22.46:588][  0]LogInit: Selected Device Profile: [Windows]
[2022.04.14-00.22.46:588][  0]LogInit: Active device profile: [000001FD7B470700][000001FD78D2AAC0 49] Windows
[2022.04.14-00.22.46:588][  0]LogInit: Profiles: [000001FD7B470700][000001FD78D2AAC0 49] Windows, [000001FD7B42B700][000001FD78D32C40 49] WindowsNoEditor, [000001FD7B473300][000001FD78D36DC0 49] WindowsServer, [000001FD7B428F00][000001FD78D3AF40 49] WindowsClient, [000001FD7B473500][000001FD7BFFD0C0 49] IOS, [000001FD7B41BF00][000001FD7C001240 49] iPadAir, [000001FD7B42BB00][000001FD7C0053C0 49] iPadAir2, [000001FD7B3CC500][000001FD7C00D680 49] IPadPro, [000001FD7B3CC600][000001FD7C0096C0 49] iPadAir3, [000001FD7B418100][000001FD7C011840 49] iPadAir4, [000001FD7B3CEC00][000001FD7C0159C0 49] iPadMini2, [000001FD7B41A500][000001FD7C019B40 49] iPadMini3, [000001FD7B3CF400][000001FD7C01C140 49] iPadMini4, [000001FD7B418F00][000001FD7C0202C0 49] iPadMini5, [000001FD7B3BFE00][000001FD7C028580 49] iPhone6, [000001FD7B3BFF00][000001FD7C0245C0 49] iPodTouch6, [000001FD7B473900][000001FD7C030880 49] iPhone7, [000001FD7B472100][000001FD7C02C8C0 49] iPodTouch7, [000001FD7B3BC400][000001FD78D2EA00 49] iPhone5S, [000001FD7B3CFD00][000001FD7C034B40 49] iPhone6Plus, [000001FD7B473400][000001FD7C038C80 49] iPhone6S, [000001FD7B3CE000][000001FD7C03CDC0 49] iPhone6SPlus, [000001FD7B470900][000001FD7C044F40 49] iPhone7Plus, [000001FD7B3CCE00][000001FD7C0490C0 49] iPhoneSE, [000001FD7B470200][000001FD7C04D240 49] iPhone8, [000001FD7B3CE400][000001FD7C0513C0 49] iPhone8Plus, [000001FD7B471E00][000001FD7C055540 49] iPhoneX, [000001FD7B3CFE00][000001FD7C0596C0 49] iPhoneXS, [000001FD7B471600][000001FD7C05D840 49] iPhoneXSMax, [000001FD7B3CE500][000001FD7C0619C0 49] iPhoneXR, [000001FD7B472A00][000001FD7C065B40 49] iPhone11, [000001FD7B3CFA00][000001FD7C068140 49] iPhone11Pro, [000001FD7B470F00][000001FD7C06C2C0 49] iPhone11ProMax, [000001FD7B3CE300][000001FD7C070440 49] iPhoneSE2, [000001FD7B472700][000001FD7C0745C0 49] iPhone12Mini, [000001FD7B3CC700][000001FD7C078740 49] iPhone12, [000001FD7B473100][000001FD7C07C8C0 49] iPhone12Pro, [000001FD7B3CF500][000001FD7C080A40 49] iPhone12ProMax, [000001FD7B470800][000001FD7C040B80 49] iPadPro105, [000001FD7B3CDC00][000001FD7C084CC0 49] iPadPro129, [000001FD7B470300][000001FD7C088E00 49] iPadPro97, [000001FD7B3CDD00][000001FD7C08CF40 49] iPadPro2_129, [000001FD7B470C00][000001FD7C0950C0 49] iPad5, [000001FD7B3CF000][000001FD7C099240 49] iPad6, [000001FD7B472C00][000001FD7C09D3C0 49] iPad7, [000001FD7B3CEE00][000001FD7C0A1540 49] iPad8, [000001FD7B471800][000001FD7C0A56C0 49] iPadPro11, [000001FD7B3CDB00][000001FD7C0A9840 49] iPadPro2_11, [000001FD7B471500][000001FD7C0AD9C0 49] iPadPro3_129, [000001FD7B3CE700][000001FD7C0B1B40 49] iPadPro4_129, [000001FD7B470100][000001FD7C0B4140 49] AppleTV, [000001FD7B3CEB00][000001FD7C1362C0 49] AppleTV4K, [000001FD7B471B00][000001FD7C13A440 49] TVOS, [000001FD7B3CC900][000001FD7C1465C0 49] Mac, [000001FD7B471700][000001FD6E54A740 49] MacClient, [000001FD7B3CEF00][000001FD6E5668C0 49] MacNoEditor, [000001FD7B470D00][000001FD6E56AA40 49] MacServer, [000001FD7B3CC300][000001FD6E56EBC0 49] Linux, [000001FD7B472E00][000001FD6E576D40 49] LinuxAArch64, [000001FD7B3CD500][000001FD7C090E80 49] LinuxNoEditor, [000001FD7B472400][000001FD78B1AFC0 49] LinuxAArch64NoEditor, [000001FD7B3CC200][000001FD78B45100 49] LinuxClient, [000001FD7B472D00][000001FD78B51280 49] LinuxAArch64Client, [000001FD7B3CCC00][000001FD6E5AB400 49] LinuxServer, [000001FD7B470400][000001FD6E5B7580 49] LinuxAArch64Server, [000001FD7B3CD000][000001FD6E541700 49] Android, [000001FD7B41B900][000001FD6E545880 49] Android_Low, [000001FD7B3BDB00][000001FD7C11BA00 49] Android_Mid, [000001FD7B41B000][000001FD7C11FB80 49] Android_High, [000001FD7B3BE300][000001FD7C1CE180 49] Android_Default, [000001FD7B41A000][000001FD7C1D2300 49] Android_Adreno4xx, [000001FD7B3BC100][000001FD7C1D6480 49] Android_Adreno5xx_Low, [000001FD7B418B00][000001FD7C1DA600 49] Android_Adreno5xx, [000001FD7B3BD800][000001FD7C122780 49] Android_Adreno6xx, [000001FD7B419100][000001FD7C126900 49] Android_Adreno6xx_Vulkan, [000001FD7B3BC800][000001FD7C12AA80 49] Android_Mali_T6xx, [000001FD7B41B600][000001FD7C12EC00 49] Android_Mali_T7xx, [000001FD7B3BCD00][000001FD7C132D80 49] Android_Mali_T8xx, [000001FD7B41BC00][000001FD6E4EEF00 49] Android_Mali_G71, [000001FD7B3BD500][000001FD78B4D040 49] Android_Mali_G72, [000001FD7B41BE00][000001FD6E94D180 49] Android_Mali_G72_Vulkan, [000001FD7B3BFD00][000001FD7C4E72C0 49] Android_Mali_G76, [000001FD7B41BA00][000001FD7C4EF440 49] Android_Mali_G76_Vulkan, [000001FD7B3BF600][000001FD7C4FD5C0 49] Android_Mali_G77, [000001FD7B41A200][000001FD7C501740 49] Android_Mali_G77_Vulkan, [000001FD7B3BD200][000001FD7C5058C0 49] Android_Mali_G78, [000001FD7B418A00][000001FD7C509A40 49] Android_Mali_G78_Vulkan, [000001FD7B3BF000][000001FD7C50DBC0 49] Android_Mali_G710, [000001FD7B419400][000001FD7C0CA1C0 49] Android_Mali_G710_Vulkan, [000001FD7B3BC700][000001FD7C0CE340 49] Android_Vulkan_SM5, [000001FD7B419800][000001FD7C1124C0 49] Android_PowerVR_G6xxx, [000001FD7B3BCE00][000001FD7C116640 49] Android_PowerVR_GT7xxx, [000001FD7B418200][000001FD7C5387C0 49] Android_PowerVR_GE8xxx, [000001FD7B3BC600][000001FD7C540940 49] Android_PowerVR_GM9xxx, [000001FD7B41A600][000001FD7C544AC0 49] Android_PowerVR_GM9xxx_Vulkan, [000001FD7B3CCF00][000001FD7D96CC40 49] Android_TegraK1, [000001FD7B41AA00][000001FD7C548DC0 49] Android_Unknown_Vulkan, [000001FD7B3CCD00][000001FD7C54CF40 49] Lumin, [000001FD7B419200][000001FD7C5510C0 49] Lumin_Desktop, [000001FD7B3CCB00][000001FD7C4EB200 49] HoloLens, 
[2022.04.14-00.22.46:746][  0]LogMeshReduction: Using QuadricMeshReduction for automatic static mesh reduction
[2022.04.14-00.22.46:746][  0]LogMeshReduction: Using SimplygonMeshReduction for automatic skeletal mesh reduction
[2022.04.14-00.22.46:746][  0]LogMeshReduction: Using ProxyLODMeshReduction for automatic mesh merging
[2022.04.14-00.22.46:746][  0]LogMeshReduction: No distributed automatic mesh merging module available
[2022.04.14-00.22.46:746][  0]LogMeshMerging: No distributed automatic mesh merging module available
[2022.04.14-00.22.46:769][  0]LogNetVersion: FinalProject 1.0.0, NetCL: 17155196, EngineNetVer: 17, GameNetVer: 0 (Checksum: 2450765920)
[2022.04.14-00.22.47:229][  0]LogTexture: Default maximum texture size for cubemaps generated from long-lat sources has been changed from 512 to unlimited. In order to preserve old behaiour for '/Engine/MapTemplates/Sky/DaylightAmbientCubemap.DaylightAmbientCubemap', its maximum texture size has been explicitly set to 512.
[2022.04.14-00.22.47:296][  0]LogHMD: PokeAHoleMaterial loaded successfully
[2022.04.14-00.22.47:302][  0]LogUObjectArray: 17178 objects as part of root set at end of initial load.
[2022.04.14-00.22.47:302][  0]LogUObjectAllocator: 4302048 out of 0 bytes used by permanent object pool.
[2022.04.14-00.22.47:302][  0]LogUObjectArray: CloseDisregardForGC: 0/0 objects in disregard for GC pool
[2022.04.14-00.22.47:661][  0]LogPython: Using Python 3.7.7
[2022.04.14-00.22.48:341][  0]LogNiagaraDebuggerClient: Niagara Debugger Client Initialized | Session: 4F19A4C446C7F98384C0F6A3BDF03893 | Instance: 0D0281E74EA0955D8E847181D3FAB3D2 (SIEBL-4107-19-1432).
[2022.04.14-00.22.48:411][  0]LogTcpMessaging: Initializing TcpMessaging bridge
[2022.04.14-00.22.48:417][  0]LogUdpMessaging: Initializing bridge on interface 0.0.0.0:0 to multicast group 230.0.0.1:6666.
[2022.04.14-00.22.48:725][  0]SourceControl: Source control is disabled
[2022.04.14-00.22.48:725][  0]SourceControl: Source control is disabled
[2022.04.14-00.22.48:730][  0]SourceControl: Source control is disabled
[2022.04.14-00.22.48:735][  0]SourceControl: Source control is disabled
[2022.04.14-00.22.48:746][  0]SourceControl: Source control is disabled
[2022.04.14-00.22.48:756][  0]LogUProjectInfo: Found projects:
[2022.04.14-00.22.48:968][  0]LogOpenImageDenoise: OIDN starting up
[2022.04.14-00.22.49:042][  0]LogAndroidPermission: UAndroidPermissionCallbackProxy::GetInstance
[2022.04.14-00.22.49:069][  0]LogAudioCaptureCore: Display: No Audio Capture implementations found. Audio input will be silent.
[2022.04.14-00.22.49:069][  0]LogAudioCaptureCore: Display: No Audio Capture implementations found. Audio input will be silent.
[2022.04.14-00.22.49:236][  0]LogCollectionManager: Loaded 0 collections in 0.002074 seconds
[2022.04.14-00.22.49:267][  0]LogFileCache: Scanning file cache for directory 'C:/Users/evera5/CS498GD-FinalProject/FinalProject/Saved/Collections/' took 0.00s
[2022.04.14-00.22.49:267][  0]LogFileCache: Scanning file cache for directory 'C:/Users/evera5/CS498GD-FinalProject/FinalProject/Content/Developers/evera5/Collections/' took 0.00s
[2022.04.14-00.22.49:267][  0]LogFileCache: Scanning file cache for directory 'C:/Users/evera5/CS498GD-FinalProject/FinalProject/Content/Collections/' took 0.00s
[2022.04.14-00.22.49:267][  0]LogOcInput: OculusInput pre-init called
[2022.04.14-00.22.49:570][  0]LogEngine: Initializing Engine...
[2022.04.14-00.22.49:574][  0]LogHMD: Failed to enumerate extensions. Please check that you have a valid OpenXR runtime installed.
[2022.04.14-00.22.49:574][  0]LogHMD: Failed to initialize OpenVR with code 110
[2022.04.14-00.22.49:574][  0]LogMagicLeap: Warning: VR disabled because ZI is not enabled.  To enable, in the editor, Edit -> Project Settings -> Plugins -> Magic Leap Plugin -> Enable Zero Iteration
[2022.04.14-00.22.49:575][  0]LogStats: UGameplayTagsManager::InitializeManager -  0.000 s
[2022.04.14-00.22.49:701][  0]LogInit: Initializing FReadOnlyCVARCache
[2022.04.14-00.22.49:711][  0]LogAIModule: Creating AISystem for world Untitled
[2022.04.14-00.22.49:724][  0]LogAudio: Display: Initializing Audio Device Manager...
[2022.04.14-00.22.49:729][  0]LogAudio: Display: Loading Default Audio Settings Objects...
[2022.04.14-00.22.49:730][  0]LogAudio: Display: No default SoundConcurrencyObject specified (or failed to load).
[2022.04.14-00.22.49:731][  0]LogAudio: Display: Audio Device Manager Initialized
[2022.04.14-00.22.49:731][  0]LogAudio: Display: Creating Audio Device:                 Id: 1, Scope: Shared, Realtime: True
[2022.04.14-00.22.49:731][  0]LogAudioMixer: Display: Audio Mixer Platform Settings:
[2022.04.14-00.22.49:731][  0]LogAudioMixer: Display: 	Sample Rate:						  48000
[2022.04.14-00.22.49:731][  0]LogAudioMixer: Display: 	Callback Buffer Frame Size Requested: 1024
[2022.04.14-00.22.49:731][  0]LogAudioMixer: Display: 	Callback Buffer Frame Size To Use:	  1024
[2022.04.14-00.22.49:731][  0]LogAudioMixer: Display: 	Number of buffers to queue:			  2
[2022.04.14-00.22.49:731][  0]LogAudioMixer: Display: 	Max Channels (voices):				  32
[2022.04.14-00.22.49:731][  0]LogAudioMixer: Display: 	Number of Async Source Workers:		  0
[2022.04.14-00.22.49:731][  0]LogAudio: Display: AudioDevice MaxSources: 32
[2022.04.14-00.22.49:731][  0]LogAudio: Display: Audio Spatialization Plugin: None (built-in).
[2022.04.14-00.22.49:731][  0]LogAudio: Display: Audio Reverb Plugin: None (built-in).
[2022.04.14-00.22.49:731][  0]LogAudio: Display: Audio Occlusion Plugin: None (built-in).
[2022.04.14-00.22.49:731][  0]LogAudioMixer: Display: Initializing audio mixer.
[2022.04.14-00.22.49:749][  0]LogAudioMixer: Display: 0: FrontLeft
[2022.04.14-00.22.49:749][  0]LogAudioMixer: Display: 1: FrontRight
[2022.04.14-00.22.49:953][  0]LogAudioMixer: Display: Using Audio Device Speakers / Headphones (Realtek High Definition Audio)
[2022.04.14-00.22.49:956][  0]LogAudioMixer: Display: Initializing Sound Submixes...
[2022.04.14-00.22.49:960][  0]LogAudioMixer: Display: Creating Master Submix 'MasterSubmixDefault'
[2022.04.14-00.22.49:960][  0]LogAudioMixer: Display: Creating Master Submix 'MasterReverbSubmixDefault'
[2022.04.14-00.22.49:961][  0]LogAudioMixer: Display: Creating Master Submix 'MasterEQSubmixDefault'
[2022.04.14-00.22.49:961][  0]LogAudioMixer: FMixerPlatformXAudio2::StartAudioStream() called
[2022.04.14-00.22.49:961][  0]LogAudioMixer: Display: Output buffers initialized: Frames=1024, Channels=2, Samples=2048
[2022.04.14-00.22.49:962][  0]LogAudioMixer: Display: Starting AudioMixerPlatformInterface::RunInternal()
[2022.04.14-00.22.49:962][  0]LogAudioMixer: Display: FMixerPlatformXAudio2::SubmitBuffer() called for the first time
[2022.04.14-00.22.49:962][  0]LogInit: FAudioDevice initialized.
[2022.04.14-00.22.49:962][  0]LogAudio: Display: Audio Device (ID: 1) registered with world 'Untitled'.
[2022.04.14-00.22.49:963][  0]LogNetVersion: Set ProjectVersion to 1.0.0.0. Version Checksum will be recalculated on next use.
[2022.04.14-00.22.50:081][  0]LogDerivedDataCache: Saved boot cache 0.12s 94MB C:/Users/evera5/AppData/Local/UnrealEngine/4.27/DerivedDataCache/Boot.ddc.
[2022.04.14-00.22.50:082][  0]LogInit: Texture streaming: Enabled
[2022.04.14-00.22.50:100][  0]LogAnalytics: Display: [UEEditor.Rocket.Release] APIServer = https://datarouter.ol.epicgames.com/. AppVersion = 4.27.2-18319896+++UE4+Release-4.27
[2022.04.14-00.22.50:140][  0]LogEngineSessionManager: EngineSessionManager initialized
[2022.04.14-00.22.50:141][  0]LogEditorSessionSummary: Verbose: Initializing EditorSessionSummaryWriter for editor session tracking
[2022.04.14-00.22.50:147][  0]LogEditorSessionSummary: EditorSessionSummaryWriter initialized
[2022.04.14-00.22.50:184][  0]LogInit: Transaction tracking system initialized
[2022.04.14-00.22.50:216][  0]BlueprintLog: New page: Editor Load
[2022.04.14-00.22.50:303][  0]LocalizationService: Localization service is disabled
[2022.04.14-00.22.50:337][  0]TimingProfiler: Initialize
[2022.04.14-00.22.50:337][  0]TimingProfiler: OnSessionChanged
[2022.04.14-00.22.50:337][  0]LoadingProfiler: Initialize
[2022.04.14-00.22.50:337][  0]LoadingProfiler: OnSessionChanged
[2022.04.14-00.22.50:337][  0]NetworkingProfiler: Initialize
[2022.04.14-00.22.50:337][  0]NetworkingProfiler: OnSessionChanged
[2022.04.14-00.22.50:337][  0]MemoryProfiler: Initialize
[2022.04.14-00.22.50:337][  0]MemoryProfiler: OnSessionChanged
[2022.04.14-00.22.50:550][  0]LogCook: Display: CookSettings for Memory: MemoryMaxUsedVirtual 0MiB, MemoryMaxUsedPhysical 16384MiB, MemoryMinFreeVirtual 0MiB, MemoryMinFreePhysical 1024MiB
[2022.04.14-00.22.50:550][  0]LogCook: Display: Mobile HDR setting 1
[2022.04.14-00.22.50:611][  0]LogFileCache: Scanning file cache for directory 'C:/Users/evera5/CS498GD-FinalProject/FinalProject/Content/' took 0.00s
[2022.04.14-00.22.51:058][  0]LogInit: Display: Engine is initialized. Leaving FEngineLoop::Init()
[2022.04.14-00.22.51:064][  0]SourceControl: Source control is disabled
[2022.04.14-00.22.51:064][  0]LogUnrealEdMisc: Loading editor; pre map load, took 9.496
[2022.04.14-00.22.51:065][  0]Cmd: MAP LOAD FILE="../../../Engine/Content/Maps/Templates/Template_Default.umap" TEMPLATE=1 SHOWPROGRESS=1 FEATURELEVEL=3
[2022.04.14-00.22.51:065][  0]LightingResults: New page: Lighting Build
[2022.04.14-00.22.51:066][  0]LogWorld: UWorld::CleanupWorld for Untitled, bSessionEnded=true, bCleanupResources=true
[2022.04.14-00.22.51:067][  0]LogSlate: InvalidateAllWidgets triggered.  All widgets were invalidated
[2022.04.14-00.22.51:067][  0]MapCheck: New page: Map Check
[2022.04.14-00.22.51:067][  0]LightingResults: New page: Lighting Build
[2022.04.14-00.22.51:072][  0]LogAudio: Display: Audio Device unregistered from world 'None'.
[2022.04.14-00.22.51:075][  0]LogUObjectHash: Compacting FUObjectHashTables data took   0.93ms
[2022.04.14-00.22.51:149][  0]LogTexture: Display: Building textures: DeprecatedTextureEB9CBE3C423008B5E8E130901E171C89 (BGRA8, 128X128)
[2022.04.14-00.22.51:157][  0]LogAudio: Display: Audio Device (ID: 1) registered with world 'Untitled_1'.
[2022.04.14-00.22.51:158][  0]LogAIModule: Creating AISystem for world Untitled_1
[2022.04.14-00.22.51:163][  0]LogEditorServer: Finished looking for orphan Actors (0.000 secs)
[2022.04.14-00.22.51:170][  0]LogUObjectHash: Compacting FUObjectHashTables data took   0.96ms
[2022.04.14-00.22.51:171][  0]Cmd: MAP CHECKDEP NOCLEARLOG
[2022.04.14-00.22.51:171][  0]MapCheck: Map check complete: 0 Error(s), 0 Warning(s), took 0.241ms to complete.
[2022.04.14-00.22.51:171][  0]LogFileHelpers: Loading map 'Template_Default' took 0.108
[2022.04.14-00.22.51:174][  0]LogUnrealEdMisc: Total Editor Startup Time, took 9.606
[2022.04.14-00.22.51:332][  0]LogSlate: Updating window title bar state: overlay mode, drag disabled, window buttons hidden, title bar hidden
[2022.04.14-00.22.51:339][  0]LogSlate: Updating window title bar state: overlay mode, drag disabled, window buttons hidden, title bar hidden
[2022.04.14-00.22.51:346][  0]LogSlate: Updating window title bar state: overlay mode, drag disabled, window buttons hidden, title bar hidden
[2022.04.14-00.22.51:352][  0]LogSlate: Updating window title bar state: overlay mode, drag disabled, window buttons hidden, title bar hidden
[2022.04.14-00.22.51:371][  0]LogNativeClassHierarchy: Verbose: Native class hierarchy populated in 0.0105 seconds. Added 3822 classes and 928 folders.
[2022.04.14-00.22.51:373][  0]LogNativeClassHierarchy: Verbose: Native class hierarchy updated for 'WidgetCarousel' in 0.0003 seconds. Added 0 classes and 0 folders.
[2022.04.14-00.22.51:375][  0]LogPakFile: PakFile PrimaryIndexSize=187
[2022.04.14-00.22.51:375][  0]LogPakFile: PakFile PathHashIndexSize=101
[2022.04.14-00.22.51:376][  0]LogPakFile: PakFile FullDirectoryIndexSize=148
[2022.04.14-00.22.51:376][  0]LogShaderLibrary: Display: ShaderCodeLibraryPakFileMountedCallback: PakFile 'C:/Program Files/Epic Games/UE_4.27/FeaturePacks/FP_FirstPerson.upack' (chunk index -1, root 'root:/') mounted
[2022.04.14-00.22.51:376][  0]LogShaderLibrary: Display: ShaderCodeLibraryPakFileMountedCallback: pending pak file info (ChunkID:-1 Root:root:/ File:C:/Program Files/Epic Games/UE_4.27/FeaturePacks/FP_FirstPerson.upack)
[2022.04.14-00.22.51:376][  0]LogPakFile: OnPakFileMounted2Time == 0.000062
[2022.04.14-00.22.51:376][  0]LogPakFile: PakFile PrimaryIndexSize=189
[2022.04.14-00.22.51:376][  0]LogPakFile: PakFile PathHashIndexSize=101
[2022.04.14-00.22.51:376][  0]LogPakFile: PakFile FullDirectoryIndexSize=152
[2022.04.14-00.22.51:377][  0]LogShaderLibrary: Display: ShaderCodeLibraryPakFileMountedCallback: PakFile 'C:/Program Files/Epic Games/UE_4.27/FeaturePacks/FP_FirstPersonBP.upack' (chunk index -1, root 'root:/') mounted
[2022.04.14-00.22.51:377][  0]LogShaderLibrary: Display: ShaderCodeLibraryPakFileMountedCallback: pending pak file info (ChunkID:-1 Root:root:/ File:C:/Program Files/Epic Games/UE_4.27/FeaturePacks/FP_FirstPersonBP.upack)
[2022.04.14-00.22.51:377][  0]LogPakFile: OnPakFileMounted2Time == 0.000044
[2022.04.14-00.22.51:377][  0]LogPakFile: PakFile PrimaryIndexSize=191
[2022.04.14-00.22.51:377][  0]LogPakFile: PakFile PathHashIndexSize=101
[2022.04.14-00.22.51:377][  0]LogPakFile: PakFile FullDirectoryIndexSize=160
[2022.04.14-00.22.51:377][  0]LogShaderLibrary: Display: ShaderCodeLibraryPakFileMountedCallback: PakFile 'C:/Program Files/Epic Games/UE_4.27/FeaturePacks/MobileStarterContent.upack' (chunk index -1, root 'root:/') mounted
[2022.04.14-00.22.51:377][  0]LogShaderLibrary: Display: ShaderCodeLibraryPakFileMountedCallback: pending pak file info (ChunkID:-1 Root:root:/ File:C:/Program Files/Epic Games/UE_4.27/FeaturePacks/MobileStarterContent.upack)
[2022.04.14-00.22.51:377][  0]LogPakFile: OnPakFileMounted2Time == 0.000042
[2022.04.14-00.22.51:378][  0]LogPakFile: PakFile PrimaryIndexSize=185
[2022.04.14-00.22.51:378][  0]LogPakFile: PakFile PathHashIndexSize=101
[2022.04.14-00.22.51:378][  0]LogPakFile: PakFile FullDirectoryIndexSize=148
[2022.04.14-00.22.51:378][  0]LogShaderLibrary: Display: ShaderCodeLibraryPakFileMountedCallback: PakFile 'C:/Program Files/Epic Games/UE_4.27/FeaturePacks/StarterContent.upack' (chunk index -1, root 'root:/') mounted
[2022.04.14-00.22.51:378][  0]LogShaderLibrary: Display: ShaderCodeLibraryPakFileMountedCallback: pending pak file info (ChunkID:-1 Root:root:/ File:C:/Program Files/Epic Games/UE_4.27/FeaturePacks/StarterContent.upack)
[2022.04.14-00.22.51:378][  0]LogPakFile: OnPakFileMounted2Time == 0.000039
[2022.04.14-00.22.51:379][  0]LogPakFile: PakFile PrimaryIndexSize=190
[2022.04.14-00.22.51:379][  0]LogPakFile: PakFile PathHashIndexSize=101
[2022.04.14-00.22.51:379][  0]LogPakFile: PakFile FullDirectoryIndexSize=154
[2022.04.14-00.22.51:379][  0]LogShaderLibrary: Display: ShaderCodeLibraryPakFileMountedCallback: PakFile 'C:/Program Files/Epic Games/UE_4.27/FeaturePacks/TP_2DSideScroller.upack' (chunk index -1, root 'root:/') mounted
[2022.04.14-00.22.51:379][  0]LogShaderLibrary: Display: ShaderCodeLibraryPakFileMountedCallback: pending pak file info (ChunkID:-1 Root:root:/ File:C:/Program Files/Epic Games/UE_4.27/FeaturePacks/TP_2DSideScroller.upack)
[2022.04.14-00.22.51:379][  0]LogPakFile: OnPakFileMounted2Time == 0.000037
[2022.04.14-00.22.51:380][  0]LogPakFile: PakFile PrimaryIndexSize=192
[2022.04.14-00.22.51:380][  0]LogPakFile: PakFile PathHashIndexSize=101
[2022.04.14-00.22.51:380][  0]LogPakFile: PakFile FullDirectoryIndexSize=158
[2022.04.14-00.22.51:380][  0]LogShaderLibrary: Display: ShaderCodeLibraryPakFileMountedCallback: PakFile 'C:/Program Files/Epic Games/UE_4.27/FeaturePacks/TP_2DSideScrollerBP.upack' (chunk index -1, root 'root:/') mounted
[2022.04.14-00.22.51:380][  0]LogShaderLibrary: Display: ShaderCodeLibraryPakFileMountedCallback: pending pak file info (ChunkID:-1 Root:root:/ File:C:/Program Files/Epic Games/UE_4.27/FeaturePacks/TP_2DSideScrollerBP.upack)
[2022.04.14-00.22.51:380][  0]LogPakFile: OnPakFileMounted2Time == 0.000037
[2022.04.14-00.22.51:381][  0]LogPakFile: PakFile PrimaryIndexSize=182
[2022.04.14-00.22.51:381][  0]LogPakFile: PakFile PathHashIndexSize=101
[2022.04.14-00.22.51:381][  0]LogPakFile: PakFile FullDirectoryIndexSize=138
[2022.04.14-00.22.51:381][  0]LogShaderLibrary: Display: ShaderCodeLibraryPakFileMountedCallback: PakFile 'C:/Program Files/Epic Games/UE_4.27/FeaturePacks/TP_Flying.upack' (chunk index -1, root 'root:/') mounted
[2022.04.14-00.22.51:381][  0]LogShaderLibrary: Display: ShaderCodeLibraryPakFileMountedCallback: pending pak file info (ChunkID:-1 Root:root:/ File:C:/Program Files/Epic Games/UE_4.27/FeaturePacks/TP_Flying.upack)
[2022.04.14-00.22.51:381][  0]LogPakFile: OnPakFileMounted2Time == 0.000042
[2022.04.14-00.22.51:381][  0]LogPakFile: PakFile PrimaryIndexSize=184
[2022.04.14-00.22.51:382][  0]LogPakFile: PakFile PathHashIndexSize=101
[2022.04.14-00.22.51:382][  0]LogPakFile: PakFile FullDirectoryIndexSize=142
[2022.04.14-00.22.51:382][  0]LogShaderLibrary: Display: ShaderCodeLibraryPakFileMountedCallback: PakFile 'C:/Program Files/Epic Games/UE_4.27/FeaturePacks/TP_FlyingBP.upack' (chunk index -1, root 'root:/') mounted
[2022.04.14-00.22.51:382][  0]LogShaderLibrary: Display: ShaderCodeLibraryPakFileMountedCallback: pending pak file info (ChunkID:-1 Root:root:/ File:C:/Program Files/Epic Games/UE_4.27/FeaturePacks/TP_FlyingBP.upack)
[2022.04.14-00.22.51:382][  0]LogPakFile: OnPakFileMounted2Time == 0.000037
[2022.04.14-00.22.51:382][  0]LogPakFile: PakFile PrimaryIndexSize=188
[2022.04.14-00.22.51:382][  0]LogPakFile: PakFile PathHashIndexSize=101
[2022.04.14-00.22.51:382][  0]LogPakFile: PakFile FullDirectoryIndexSize=150
[2022.04.14-00.22.51:382][  0]LogShaderLibrary: Display: ShaderCodeLibraryPakFileMountedCallback: PakFile 'C:/Program Files/Epic Games/UE_4.27/FeaturePacks/TP_HandheldARBP.upack' (chunk index -1, root 'root:/') mounted
[2022.04.14-00.22.51:382][  0]LogShaderLibrary: Display: ShaderCodeLibraryPakFileMountedCallback: pending pak file info (ChunkID:-1 Root:root:/ File:C:/Program Files/Epic Games/UE_4.27/FeaturePacks/TP_HandheldARBP.upack)
[2022.04.14-00.22.51:382][  0]LogPakFile: OnPakFileMounted2Time == 0.000037
[2022.04.14-00.22.51:383][  0]LogPakFile: PakFile PrimaryIndexSize=182
[2022.04.14-00.22.51:383][  0]LogPakFile: PakFile PathHashIndexSize=101
[2022.04.14-00.22.51:383][  0]LogPakFile: PakFile FullDirectoryIndexSize=138
[2022.04.14-00.22.51:383][  0]LogShaderLibrary: Display: ShaderCodeLibraryPakFileMountedCallback: PakFile 'C:/Program Files/Epic Games/UE_4.27/FeaturePacks/TP_Puzzle.upack' (chunk index -1, root 'root:/') mounted
[2022.04.14-00.22.51:383][  0]LogShaderLibrary: Display: ShaderCodeLibraryPakFileMountedCallback: pending pak file info (ChunkID:-1 Root:root:/ File:C:/Program Files/Epic Games/UE_4.27/FeaturePacks/TP_Puzzle.upack)
[2022.04.14-00.22.51:383][  0]LogPakFile: OnPakFileMounted2Time == 0.000037
[2022.04.14-00.22.51:384][  0]LogPakFile: PakFile PrimaryIndexSize=184
[2022.04.14-00.22.51:384][  0]LogPakFile: PakFile PathHashIndexSize=101
[2022.04.14-00.22.51:384][  0]LogPakFile: PakFile FullDirectoryIndexSize=142
[2022.04.14-00.22.51:384][  0]LogShaderLibrary: Display: ShaderCodeLibraryPakFileMountedCallback: PakFile 'C:/Program Files/Epic Games/UE_4.27/FeaturePacks/TP_PuzzleBP.upack' (chunk index -1, root 'root:/') mounted
[2022.04.14-00.22.51:384][  0]LogShaderLibrary: Display: ShaderCodeLibraryPakFileMountedCallback: pending pak file info (ChunkID:-1 Root:root:/ File:C:/Program Files/Epic Games/UE_4.27/FeaturePacks/TP_PuzzleBP.upack)
[2022.04.14-00.22.51:384][  0]LogPakFile: OnPakFileMounted2Time == 0.000038
[2022.04.14-00.22.51:385][  0]LogPakFile: PakFile PrimaryIndexSize=183
[2022.04.14-00.22.51:385][  0]LogPakFile: PakFile PathHashIndexSize=101
[2022.04.14-00.22.51:385][  0]LogPakFile: PakFile FullDirectoryIndexSize=140
[2022.04.14-00.22.51:385][  0]LogShaderLibrary: Display: ShaderCodeLibraryPakFileMountedCallback: PakFile 'C:/Program Files/Epic Games/UE_4.27/FeaturePacks/TP_Rolling.upack' (chunk index -1, root 'root:/') mounted
[2022.04.14-00.22.51:385][  0]LogShaderLibrary: Display: ShaderCodeLibraryPakFileMountedCallback: pending pak file info (ChunkID:-1 Root:root:/ File:C:/Program Files/Epic Games/UE_4.27/FeaturePacks/TP_Rolling.upack)
[2022.04.14-00.22.51:385][  0]LogPakFile: OnPakFileMounted2Time == 0.000041
[2022.04.14-00.22.51:386][  0]LogPakFile: PakFile PrimaryIndexSize=185
[2022.04.14-00.22.51:386][  0]LogPakFile: PakFile PathHashIndexSize=101
[2022.04.14-00.22.51:386][  0]LogPakFile: PakFile FullDirectoryIndexSize=144
[2022.04.14-00.22.51:386][  0]LogShaderLibrary: Display: ShaderCodeLibraryPakFileMountedCallback: PakFile 'C:/Program Files/Epic Games/UE_4.27/FeaturePacks/TP_RollingBP.upack' (chunk index -1, root 'root:/') mounted
[2022.04.14-00.22.51:386][  0]LogShaderLibrary: Display: ShaderCodeLibraryPakFileMountedCallback: pending pak file info (ChunkID:-1 Root:root:/ File:C:/Program Files/Epic Games/UE_4.27/FeaturePacks/TP_RollingBP.upack)
[2022.04.14-00.22.51:386][  0]LogPakFile: OnPakFileMounted2Time == 0.000040
[2022.04.14-00.22.51:387][  0]LogPakFile: PakFile PrimaryIndexSize=188
[2022.04.14-00.22.51:387][  0]LogPakFile: PakFile PathHashIndexSize=101
[2022.04.14-00.22.51:387][  0]LogPakFile: PakFile FullDirectoryIndexSize=150
[2022.04.14-00.22.51:387][  0]LogShaderLibrary: Display: ShaderCodeLibraryPakFileMountedCallback: PakFile 'C:/Program Files/Epic Games/UE_4.27/FeaturePacks/TP_SideScroller.upack' (chunk index -1, root 'root:/') mounted
[2022.04.14-00.22.51:387][  0]LogShaderLibrary: Display: ShaderCodeLibraryPakFileMountedCallback: pending pak file info (ChunkID:-1 Root:root:/ File:C:/Program Files/Epic Games/UE_4.27/FeaturePacks/TP_SideScroller.upack)
[2022.04.14-00.22.51:387][  0]LogPakFile: OnPakFileMounted2Time == 0.000037
[2022.04.14-00.22.51:388][  0]LogPakFile: PakFile PrimaryIndexSize=190
[2022.04.14-00.22.51:388][  0]LogPakFile: PakFile PathHashIndexSize=101
[2022.04.14-00.22.51:388][  0]LogPakFile: PakFile FullDirectoryIndexSize=154
[2022.04.14-00.22.51:388][  0]LogShaderLibrary: Display: ShaderCodeLibraryPakFileMountedCallback: PakFile 'C:/Program Files/Epic Games/UE_4.27/FeaturePacks/TP_SideScrollerBP.upack' (chunk index -1, root 'root:/') mounted
[2022.04.14-00.22.51:388][  0]LogShaderLibrary: Display: ShaderCodeLibraryPakFileMountedCallback: pending pak file info (ChunkID:-1 Root:root:/ File:C:/Program Files/Epic Games/UE_4.27/FeaturePacks/TP_SideScrollerBP.upack)
[2022.04.14-00.22.51:388][  0]LogPakFile: OnPakFileMounted2Time == 0.000037
[2022.04.14-00.22.51:388][  0]LogPakFile: PakFile PrimaryIndexSize=187
[2022.04.14-00.22.51:388][  0]LogPakFile: PakFile PathHashIndexSize=101
[2022.04.14-00.22.51:388][  0]LogPakFile: PakFile FullDirectoryIndexSize=148
[2022.04.14-00.22.51:388][  0]LogShaderLibrary: Display: ShaderCodeLibraryPakFileMountedCallback: PakFile 'C:/Program Files/Epic Games/UE_4.27/FeaturePacks/TP_ThirdPerson.upack' (chunk index -1, root 'root:/') mounted
[2022.04.14-00.22.51:388][  0]LogShaderLibrary: Display: ShaderCodeLibraryPakFileMountedCallback: pending pak file info (ChunkID:-1 Root:root:/ File:C:/Program Files/Epic Games/UE_4.27/FeaturePacks/TP_ThirdPerson.upack)
[2022.04.14-00.22.51:388][  0]LogPakFile: OnPakFileMounted2Time == 0.000037
[2022.04.14-00.22.51:389][  0]LogPakFile: PakFile PrimaryIndexSize=189
[2022.04.14-00.22.51:389][  0]LogPakFile: PakFile PathHashIndexSize=101
[2022.04.14-00.22.51:389][  0]LogPakFile: PakFile FullDirectoryIndexSize=152
[2022.04.14-00.22.51:389][  0]LogShaderLibrary: Display: ShaderCodeLibraryPakFileMountedCallback: PakFile 'C:/Program Files/Epic Games/UE_4.27/FeaturePacks/TP_ThirdPersonBP.upack' (chunk index -1, root 'root:/') mounted
[2022.04.14-00.22.51:389][  0]LogShaderLibrary: Display: ShaderCodeLibraryPakFileMountedCallback: pending pak file info (ChunkID:-1 Root:root:/ File:C:/Program Files/Epic Games/UE_4.27/FeaturePacks/TP_ThirdPersonBP.upack)
[2022.04.14-00.22.51:389][  0]LogPakFile: OnPakFileMounted2Time == 0.000042
[2022.04.14-00.22.51:390][  0]LogPakFile: PakFile PrimaryIndexSize=183
[2022.04.14-00.22.51:390][  0]LogPakFile: PakFile PathHashIndexSize=101
[2022.04.14-00.22.51:390][  0]LogPakFile: PakFile FullDirectoryIndexSize=140
[2022.04.14-00.22.51:390][  0]LogShaderLibrary: Display: ShaderCodeLibraryPakFileMountedCallback: PakFile 'C:/Program Files/Epic Games/UE_4.27/FeaturePacks/TP_TopDown.upack' (chunk index -1, root 'root:/') mounted
[2022.04.14-00.22.51:390][  0]LogShaderLibrary: Display: ShaderCodeLibraryPakFileMountedCallback: pending pak file info (ChunkID:-1 Root:root:/ File:C:/Program Files/Epic Games/UE_4.27/FeaturePacks/TP_TopDown.upack)
[2022.04.14-00.22.51:390][  0]LogPakFile: OnPakFileMounted2Time == 0.000050
[2022.04.14-00.22.51:391][  0]LogPakFile: PakFile PrimaryIndexSize=185
[2022.04.14-00.22.51:391][  0]LogPakFile: PakFile PathHashIndexSize=101
[2022.04.14-00.22.51:391][  0]LogPakFile: PakFile FullDirectoryIndexSize=144
[2022.04.14-00.22.51:391][  0]LogShaderLibrary: Display: ShaderCodeLibraryPakFileMountedCallback: PakFile 'C:/Program Files/Epic Games/UE_4.27/FeaturePacks/TP_TopDownBP.upack' (chunk index -1, root 'root:/') mounted
[2022.04.14-00.22.51:391][  0]LogShaderLibrary: Display: ShaderCodeLibraryPakFileMountedCallback: pending pak file info (ChunkID:-1 Root:root:/ File:C:/Program Files/Epic Games/UE_4.27/FeaturePacks/TP_TopDownBP.upack)
[2022.04.14-00.22.51:391][  0]LogPakFile: OnPakFileMounted2Time == 0.000040
[2022.04.14-00.22.51:392][  0]LogPakFile: PakFile PrimaryIndexSize=185
[2022.04.14-00.22.51:392][  0]LogPakFile: PakFile PathHashIndexSize=101
[2022.04.14-00.22.51:392][  0]LogPakFile: PakFile FullDirectoryIndexSize=144
[2022.04.14-00.22.51:392][  0]LogShaderLibrary: Display: ShaderCodeLibraryPakFileMountedCallback: PakFile 'C:/Program Files/Epic Games/UE_4.27/FeaturePacks/TP_TwinStick.upack' (chunk index -1, root 'root:/') mounted
[2022.04.14-00.22.51:392][  0]LogShaderLibrary: Display: ShaderCodeLibraryPakFileMountedCallback: pending pak file info (ChunkID:-1 Root:root:/ File:C:/Program Files/Epic Games/UE_4.27/FeaturePacks/TP_TwinStick.upack)
[2022.04.14-00.22.51:392][  0]LogPakFile: OnPakFileMounted2Time == 0.000037
[2022.04.14-00.22.51:393][  0]LogPakFile: PakFile PrimaryIndexSize=187
[2022.04.14-00.22.51:393][  0]LogPakFile: PakFile PathHashIndexSize=101
[2022.04.14-00.22.51:393][  0]LogPakFile: PakFile FullDirectoryIndexSize=148
[2022.04.14-00.22.51:393][  0]LogShaderLibrary: Display: ShaderCodeLibraryPakFileMountedCallback: PakFile 'C:/Program Files/Epic Games/UE_4.27/FeaturePacks/TP_TwinStickBP.upack' (chunk index -1, root 'root:/') mounted
[2022.04.14-00.22.51:393][  0]LogShaderLibrary: Display: ShaderCodeLibraryPakFileMountedCallback: pending pak file info (ChunkID:-1 Root:root:/ File:C:/Program Files/Epic Games/UE_4.27/FeaturePacks/TP_TwinStickBP.upack)
[2022.04.14-00.22.51:393][  0]LogPakFile: OnPakFileMounted2Time == 0.000042
[2022.04.14-00.22.51:393][  0]LogPakFile: PakFile PrimaryIndexSize=183
[2022.04.14-00.22.51:393][  0]LogPakFile: PakFile PathHashIndexSize=101
[2022.04.14-00.22.51:393][  0]LogPakFile: PakFile FullDirectoryIndexSize=140
[2022.04.14-00.22.51:393][  0]LogShaderLibrary: Display: ShaderCodeLibraryPakFileMountedCallback: PakFile 'C:/Program Files/Epic Games/UE_4.27/FeaturePacks/TP_Vehicle.upack' (chunk index -1, root 'root:/') mounted
[2022.04.14-00.22.51:393][  0]LogShaderLibrary: Display: ShaderCodeLibraryPakFileMountedCallback: pending pak file info (ChunkID:-1 Root:root:/ File:C:/Program Files/Epic Games/UE_4.27/FeaturePacks/TP_Vehicle.upack)
[2022.04.14-00.22.51:393][  0]LogPakFile: OnPakFileMounted2Time == 0.000037
[2022.04.14-00.22.51:394][  0]LogPakFile: PakFile PrimaryIndexSize=186
[2022.04.14-00.22.51:394][  0]LogPakFile: PakFile PathHashIndexSize=101
[2022.04.14-00.22.51:394][  0]LogPakFile: PakFile FullDirectoryIndexSize=146
[2022.04.14-00.22.51:394][  0]LogShaderLibrary: Display: ShaderCodeLibraryPakFileMountedCallback: PakFile 'C:/Program Files/Epic Games/UE_4.27/FeaturePacks/TP_VehicleAdv.upack' (chunk index -1, root 'root:/') mounted
[2022.04.14-00.22.51:394][  0]LogShaderLibrary: Display: ShaderCodeLibraryPakFileMountedCallback: pending pak file info (ChunkID:-1 Root:root:/ File:C:/Program Files/Epic Games/UE_4.27/FeaturePacks/TP_VehicleAdv.upack)
[2022.04.14-00.22.51:394][  0]LogPakFile: OnPakFileMounted2Time == 0.000038
[2022.04.14-00.22.51:395][  0]LogPakFile: PakFile PrimaryIndexSize=188
[2022.04.14-00.22.51:395][  0]LogPakFile: PakFile PathHashIndexSize=101
[2022.04.14-00.22.51:395][  0]LogPakFile: PakFile FullDirectoryIndexSize=150
[2022.04.14-00.22.51:395][  0]LogShaderLibrary: Display: ShaderCodeLibraryPakFileMountedCallback: PakFile 'C:/Program Files/Epic Games/UE_4.27/FeaturePacks/TP_VehicleAdvBP.upack' (chunk index -1, root 'root:/') mounted
[2022.04.14-00.22.51:395][  0]LogShaderLibrary: Display: ShaderCodeLibraryPakFileMountedCallback: pending pak file info (ChunkID:-1 Root:root:/ File:C:/Program Files/Epic Games/UE_4.27/FeaturePacks/TP_VehicleAdvBP.upack)
[2022.04.14-00.22.51:395][  0]LogPakFile: OnPakFileMounted2Time == 0.000037
[2022.04.14-00.22.51:396][  0]LogPakFile: PakFile PrimaryIndexSize=185
[2022.04.14-00.22.51:396][  0]LogPakFile: PakFile PathHashIndexSize=101
[2022.04.14-00.22.51:396][  0]LogPakFile: PakFile FullDirectoryIndexSize=144
[2022.04.14-00.22.51:396][  0]LogShaderLibrary: Display: ShaderCodeLibraryPakFileMountedCallback: PakFile 'C:/Program Files/Epic Games/UE_4.27/FeaturePacks/TP_VehicleBP.upack' (chunk index -1, root 'root:/') mounted
[2022.04.14-00.22.51:396][  0]LogShaderLibrary: Display: ShaderCodeLibraryPakFileMountedCallback: pending pak file info (ChunkID:-1 Root:root:/ File:C:/Program Files/Epic Games/UE_4.27/FeaturePacks/TP_VehicleBP.upack)
[2022.04.14-00.22.51:396][  0]LogPakFile: OnPakFileMounted2Time == 0.000038
[2022.04.14-00.22.51:397][  0]LogPakFile: PakFile PrimaryIndexSize=192
[2022.04.14-00.22.51:397][  0]LogPakFile: PakFile PathHashIndexSize=101
[2022.04.14-00.22.51:397][  0]LogPakFile: PakFile FullDirectoryIndexSize=158
[2022.04.14-00.22.51:397][  0]LogShaderLibrary: Display: ShaderCodeLibraryPakFileMountedCallback: PakFile 'C:/Program Files/Epic Games/UE_4.27/FeaturePacks/TP_VirtualRealityBP.upack' (chunk index -1, root 'root:/') mounted
[2022.04.14-00.22.51:397][  0]LogShaderLibrary: Display: ShaderCodeLibraryPakFileMountedCallback: pending pak file info (ChunkID:-1 Root:root:/ File:C:/Program Files/Epic Games/UE_4.27/FeaturePacks/TP_VirtualRealityBP.upack)
[2022.04.14-00.22.51:397][  0]LogPakFile: OnPakFileMounted2Time == 0.000042
[2022.04.14-00.22.51:512][  0]LogNativeClassHierarchy: Verbose: Native class hierarchy updated for 'AddContentDialog' in 0.0003 seconds. Added 0 classes and 0 folders.
[2022.04.14-00.22.51:514][  0]LogNativeClassHierarchy: Verbose: Native class hierarchy updated for 'SceneOutliner' in 0.0002 seconds. Added 2 classes and 0 folders.
[2022.04.14-00.22.51:561][  0]LogSlate: Took 0.000390 seconds to synchronously load lazily loaded font '../../../Engine/Content/Slate/Fonts/Roboto-Regular.ttf' (155K)
[2022.04.14-00.22.51:563][  0]LogSlate: Took 0.000226 seconds to synchronously load lazily loaded font '../../../Engine/Content/Editor/Slate/Fonts/FontAwesome.ttf' (139K)
[2022.04.14-00.22.51:564][  0]LogSlate: Took 0.000207 seconds to synchronously load lazily loaded font '../../../Engine/Content/Slate/Fonts/Roboto-Bold.ttf' (160K)
[2022.04.14-00.22.51:675][  0]LogRenderer: Reallocating scene render targets to support 1212x572 Format 10 NumSamples 1 (Frame:1).
[2022.04.14-00.22.51:779][  0]LogNativeClassHierarchy: Verbose: Native class hierarchy updated for 'HierarchicalLODOutliner' in 0.0003 seconds. Added 0 classes and 0 folders.
[2022.04.14-00.22.51:779][  0]LogLoad: (Engine Initialization) Total time: 10.21 seconds
[2022.04.14-00.22.51:779][  0]LogLoad: (Engine Initialization) Total Blueprint compile time: 0.00 seconds
[2022.04.14-00.22.51:821][  0]LogAssetRegistry: Asset discovery search completed in 5.5127 seconds
[2022.04.14-00.22.51:829][  0]LogCollectionManager: Fixed up redirectors for 0 collections in 0.000003 seconds (updated 0 objects)
[2022.04.14-00.22.51:830][  0]LogContentStreaming: Texture pool size now 1000 MB
[2022.04.14-00.31.21:495][882]LogSlate: Took 0.000441 seconds to synchronously load lazily loaded font '../../../Engine/Content/Slate/Fonts/Roboto-Light.ttf' (167K)
[2022.04.14-00.31.21:592][882]LogFactory: FactoryCreateFile: FileMediaSource with WmfFileMediaSourceFactory (0 0 C:\Users\evera5\CS498GD-FinalProject\FinalProject\Content\Audio\Komiku_-_04_-_Skate.mp3)
[2022.04.14-00.31.22:136][884]LogSlate: Took 0.000337 seconds to synchronously load lazily loaded font '../../../Engine/Content/Slate/Fonts/Roboto-Light.ttf' (167K)
[2022.04.14-00.31.24:261][930]LogFactory: FactoryCreateFile: FileMediaSource with WmfFileMediaSourceFactory (0 0 C:\Users\evera5\CS498GD-FinalProject\FinalProject\Content\Audio\Komiku_-_07_-_Battle_of_Pogs.mp3)
[2022.04.14-00.31.26:668][977]LogFactory: FactoryCreateFile: FileMediaSource with WmfFileMediaSourceFactory (0 0 C:\Users\evera5\CS498GD-FinalProject\FinalProject\Content\Audio\Komiku_-_12_-_Bicycle.mp3)
[2022.04.14-00.32.52:213][232]LogUObjectHash: Compacting FUObjectHashTables data took   0.90ms
[2022.04.14-00.32.52:214][232]LogFileHelpers: Editor autosave (incl. external actors) for '/Temp/Untitled_1' took 0.009
[2022.04.14-00.32.52:217][232]OBJ SavePackage: Generating thumbnails for [0] asset(s) in package [/Game/Audio/Komiku_-_04_-_Skate] ([1] browsable assets)...
[2022.04.14-00.32.52:217][232]OBJ SavePackage: Finished generating thumbnails for package [/Game/Audio/Komiku_-_04_-_Skate]
[2022.04.14-00.32.52:231][232]LogSavePackage: Moving '../../../../../../Users/evera5/CS498GD-FinalProject/FinalProject/Saved/Komiku_-_04_-_Skate_Auto19BDE98F648EF04B623DEEB8966DC7B68.tmp' to '../../../../../../Users/evera5/CS498GD-FinalProject/FinalProject/Saved/Autosaves/Game/Audio/Komiku_-_04_-_Skate_Auto1.uasset'
[2022.04.14-00.32.52:233][232]OBJ SavePackage: Generating thumbnails for [0] asset(s) in package [/Game/Audio/Komiku_-_07_-_Battle_of_Pogs] ([1] browsable assets)...
[2022.04.14-00.32.52:233][232]OBJ SavePackage: Finished generating thumbnails for package [/Game/Audio/Komiku_-_07_-_Battle_of_Pogs]
[2022.04.14-00.32.52:235][232]LogSavePackage: Moving '../../../../../../Users/evera5/CS498GD-FinalProject/FinalProject/Saved/Komiku_-_07_-_Battle_of_Pogs_Aut6E082FA64D4DE38498558F88118A2445.tmp' to '../../../../../../Users/evera5/CS498GD-FinalProject/FinalProject/Saved/Autosaves/Game/Audio/Komiku_-_07_-_Battle_of_Pogs_Auto1.uasset'
[2022.04.14-00.32.52:236][232]OBJ SavePackage: Generating thumbnails for [0] asset(s) in package [/Game/Audio/Komiku_-_12_-_Bicycle] ([1] browsable assets)...
[2022.04.14-00.32.52:236][232]OBJ SavePackage: Finished generating thumbnails for package [/Game/Audio/Komiku_-_12_-_Bicycle]
[2022.04.14-00.32.52:238][232]LogSavePackage: Moving '../../../../../../Users/evera5/CS498GD-FinalProject/FinalProject/Saved/Komiku_-_12_-_Bicycle_Auto15F0C233A4BFCA47087EFBF9D32BD0623.tmp' to '../../../../../../Users/evera5/CS498GD-FinalProject/FinalProject/Saved/Autosaves/Game/Audio/Komiku_-_12_-_Bicycle_Auto1.uasset'
[2022.04.14-00.32.52:239][232]LogFileHelpers: Auto-saving content packages took 0.024
[2022.04.14-00.39.54:116][340]LogContentBrowser: Attempting asset rename: Komiku_-_04_-_Skate -> gameplay_music
[2022.04.14-00.39.54:225][340]Cmd: OBJ SAVEPACKAGE PACKAGE="/Game/Audio/gameplay_music" FILE="../../../../../../Users/evera5/CS498GD-FinalProject/FinalProject/Content/Audio/gameplay_music.uasset" SILENT=true
[2022.04.14-00.39.54:227][340]LogSavePackage: Moving '../../../../../../Users/evera5/CS498GD-FinalProject/FinalProject/Saved/gameplay_music8D7BA2854775DC4C631E87954045C931.tmp' to '../../../../../../Users/evera5/CS498GD-FinalProject/FinalProject/Content/Audio/gameplay_music.uasset'
[2022.04.14-00.39.54:314][340]LogUObjectHash: Compacting FUObjectHashTables data took   0.81ms
[2022.04.14-00.39.54:325][340]LogUObjectHash: Compacting FUObjectHashTables data took   0.76ms
[2022.04.14-00.39.54:331][340]LogUObjectHash: Compacting FUObjectHashTables data took   0.28ms
[2022.04.14-00.39.54:432][340]AssetCheck: New page: Asset Save: gameplay_music
[2022.04.14-00.39.54:432][340]LogContentValidation: Display: Validating FileMediaSource /Game/Audio/gameplay_music.gameplay_music
[2022.04.14-00.40.34:897][165]LogAssetEditorSubsystem: Opening Asset editor for FileMediaSource /Game/Audio/Komiku_-_12_-_Bicycle.Komiku_-_12_-_Bicycle
[2022.04.14-00.40.36:736][367]LogSlate: Window 'Komiku_-_12_-_Bicycle' being destroyed
[2022.04.14-00.40.36:743][367]LogSlate: Window 'Komiku_-_12_-_Bicycle' being destroyed
[2022.04.14-00.40.46:590][512]LogContentBrowser: Attempting asset rename: Komiku_-_12_-_Bicycle -> home_music
[2022.04.14-00.40.46:626][512]Cmd: OBJ SAVEPACKAGE PACKAGE="/Game/Audio/home_music" FILE="../../../../../../Users/evera5/CS498GD-FinalProject/FinalProject/Content/Audio/home_music.uasset" SILENT=true
[2022.04.14-00.40.46:628][512]LogSavePackage: Moving '../../../../../../Users/evera5/CS498GD-FinalProject/FinalProject/Saved/home_music099C79DB419F52A489A0E2A547C8DF72.tmp' to '../../../../../../Users/evera5/CS498GD-FinalProject/FinalProject/Content/Audio/home_music.uasset'
[2022.04.14-00.40.46:664][512]LogUObjectHash: Compacting FUObjectHashTables data took   0.80ms
[2022.04.14-00.40.46:675][512]LogUObjectHash: Compacting FUObjectHashTables data took   0.77ms
[2022.04.14-00.40.46:680][512]LogUObjectHash: Compacting FUObjectHashTables data took   0.28ms
[2022.04.14-00.40.46:702][512]AssetCheck: New page: Asset Save: home_music
[2022.04.14-00.40.46:702][512]LogContentValidation: Display: Validating FileMediaSource /Game/Audio/home_music.home_music
[2022.04.14-00.41.50:268][100]LogContentBrowser: Attempting asset rename: Komiku_-_07_-_Battle_of_Pogs -> Komiku_-_07_-_Battle_of_Pogs
[2022.04.14-00.42.05:692][933]LogContentBrowser: Attempting asset rename: home_music -> medal_screen_music
[2022.04.14-00.42.05:727][933]Cmd: OBJ SAVEPACKAGE PACKAGE="/Game/Audio/medal_screen_music" FILE="../../../../../../Users/evera5/CS498GD-FinalProject/FinalProject/Content/Audio/medal_screen_music.uasset" SILENT=true
[2022.04.14-00.42.05:729][933]LogSavePackage: Moving '../../../../../../Users/evera5/CS498GD-FinalProject/FinalProject/Saved/medal_screen_music189783BD467BE3AB31E534A2F225786E.tmp' to '../../../../../../Users/evera5/CS498GD-FinalProject/FinalProject/Content/Audio/medal_screen_music.uasset'
[2022.04.14-00.42.05:798][933]LogUObjectHash: Compacting FUObjectHashTables data took   0.85ms
[2022.04.14-00.42.05:808][933]LogUObjectHash: Compacting FUObjectHashTables data took   0.78ms
[2022.04.14-00.42.05:814][933]LogUObjectHash: Compacting FUObjectHashTables data took   0.28ms
[2022.04.14-00.42.05:836][933]AssetCheck: New page: Asset Save: medal_screen_music
[2022.04.14-00.42.05:836][933]LogContentValidation: Display: Validating FileMediaSource /Game/Audio/medal_screen_music.medal_screen_music
[2022.04.14-00.42.18:600][424]LogContentBrowser: Attempting asset rename: Komiku_-_07_-_Battle_of_Pogs -> home_screen_music
[2022.04.14-00.42.18:644][424]Cmd: OBJ SAVEPACKAGE PACKAGE="/Game/Audio/home_screen_music" FILE="../../../../../../Users/evera5/CS498GD-FinalProject/FinalProject/Content/Audio/home_screen_music.uasset" SILENT=true
[2022.04.14-00.42.18:646][424]LogSavePackage: Moving '../../../../../../Users/evera5/CS498GD-FinalProject/FinalProject/Saved/home_screen_musicD2AEA34641740CC5A63671A65B822BFE.tmp' to '../../../../../../Users/evera5/CS498GD-FinalProject/FinalProject/Content/Audio/home_screen_music.uasset'
[2022.04.14-00.42.18:682][424]LogUObjectHash: Compacting FUObjectHashTables data took   0.69ms
[2022.04.14-00.42.18:693][424]LogUObjectHash: Compacting FUObjectHashTables data took   0.74ms
[2022.04.14-00.42.18:698][424]LogUObjectHash: Compacting FUObjectHashTables data took   0.28ms
[2022.04.14-00.42.18:720][424]AssetCheck: New page: Asset Save: home_screen_music
[2022.04.14-00.42.18:720][424]LogContentValidation: Display: Validating FileMediaSource /Game/Audio/home_screen_music.home_screen_music
